{
  "stats": {
    "suites": 44,
    "tests": 90,
    "passes": 90,
    "pending": 0,
    "failures": 0,
    "start": "2020-10-30T11:24:36.134Z",
    "end": "2020-10-30T11:32:01.376Z",
    "duration": 445242,
    "testsRegistered": 90,
    "passPercent": 100,
    "pendingPercent": 0,
    "other": 0,
    "hasOther": false,
    "skipped": 0,
    "hasSkipped": false
  },
  "results": [
    {
      "uuid": "edb52fbc-96a9-4b43-83bd-d7e848deba8b",
      "title": "",
      "fullFile": "",
      "file": "",
      "beforeHooks": [],
      "afterHooks": [],
      "tests": [],
      "suites": [
        {
          "uuid": "3689b9fa-6d1c-4187-b0a1-a3d137e9dcf0",
          "title": "Keys",
          "fullFile": "/home/aditimahesh/Documents/Work/Persistence/go/src/github.com/persistenceOne/assetMantle/mocha/test/tests.js",
          "file": "/test/tests.js",
          "beforeHooks": [],
          "afterHooks": [],
          "tests": [],
          "suites": [
            {
              "uuid": "cf181ffd-71b9-4a9f-b5d3-fc2afa612ad5",
              "title": "Account Creation, Sign and Broadcast for User1",
              "fullFile": "/home/aditimahesh/Documents/Work/Persistence/go/src/github.com/persistenceOne/assetMantle/mocha/test/tests.js",
              "file": "/test/tests.js",
              "beforeHooks": [
                {
                  "title": "\"before each\" hook",
                  "fullTitle": "Keys Account Creation, Sign and Broadcast for User1 \"before each\" hook",
                  "timedOut": false,
                  "duration": 3001,
                  "state": null,
                  "speed": null,
                  "pass": false,
                  "fail": false,
                  "pending": false,
                  "context": null,
                  "code": "this.timeout(4000)\nsetTimeout(function () {\n    done()\n}, 3000)",
                  "err": {},
                  "uuid": "fb254c0a-571f-4d57-802a-46591d7e25e5",
                  "parentUUID": "cf181ffd-71b9-4a9f-b5d3-fc2afa612ad5",
                  "isHook": true,
                  "skipped": false
                }
              ],
              "afterHooks": [],
              "tests": [
                {
                  "title": "it should create an account for: 8e31a0a94dff3c6fdb3b1d95ecdc1e7a",
                  "fullTitle": "Keys Account Creation, Sign and Broadcast for User1 it should create an account for: 8e31a0a94dff3c6fdb3b1d95ecdc1e7a",
                  "timedOut": false,
                  "duration": 189,
                  "state": "passed",
                  "speed": "slow",
                  "pass": true,
                  "fail": false,
                  "pending": false,
                  "context": null,
                  "code": "let name = {\n                name: name1\n            }\n            let err, res = await chai.request(server)\n                .post(config.keysAdd)\n                .send(name)\n            res.should.have.status(200);\n            res.body.should.be.a('object');\n            expect(res.body.result.success).to.be.true\n            expect(res.body.result.keyOutput.address).to.not.equal(null)\n            expect(res.body.result.keyOutput.address).to.not.equal('')\n            names1.address = res.body.result.keyOutput.address",
                  "err": {},
                  "uuid": "4a460ef9-2ce9-4739-b7e8-d2081b8ba16b",
                  "parentUUID": "cf181ffd-71b9-4a9f-b5d3-fc2afa612ad5",
                  "isHook": false,
                  "skipped": false
                },
                {
                  "title": "8e31a0a94dff3c6fdb3b1d95ecdc1e7a should be able to signTx ",
                  "fullTitle": "Keys Account Creation, Sign and Broadcast for User1 8e31a0a94dff3c6fdb3b1d95ecdc1e7a should be able to signTx ",
                  "timedOut": false,
                  "duration": 24,
                  "state": "passed",
                  "speed": "fast",
                  "pass": true,
                  "fail": false,
                  "pending": false,
                  "context": null,
                  "code": "let obj = {\n                \"baseReq\": {\n                    \"from\": config.testAccountAddress,\n                    \"chain_id\": config.chain_id\n                },\n                \"type\": \"cosmos-sdk/StdTx\",\n                \"value\": {\n                    \"msg\": [\n                        {\n                            \"type\": \"cosmos-sdk/MsgSend\",\n                            \"value\": {\n                                \"from_address\": config.testAccountAddress,\n                                \"to_address\": names1.address,\n                                \"amount\": [\n                                    {\n                                        \"denom\": \"stake\",\n                                        \"amount\": \"1000\"\n                                    }\n                                ]\n                            }\n                        }\n                    ],\n                    \"fee\": {\n                        \"amount\": [],\n                        \"gas\": \"200000\"\n                    },\n                    \"signatures\": null,\n                    \"memo\": \"\"\n                }\n            }\n            let err, res = await chai.request(server)\n                .post(config.signTx)\n                .send(obj)\n            res.should.have.status(200);\n            res.body.should.be.a('object');\n            expect(res.body.result.success).to.be.true\n            names1.typekey = res.body.result.tx.signatures[0].pub_key.type\n            names1.value = res.body.result.tx.signatures[0].pub_key.value\n            names1.signature = res.body.result.tx.signatures[0].signature",
                  "err": {},
                  "uuid": "3241d15a-6e67-4e22-8796-78a157f43ea9",
                  "parentUUID": "cf181ffd-71b9-4a9f-b5d3-fc2afa612ad5",
                  "isHook": false,
                  "skipped": false
                },
                {
                  "title": "8e31a0a94dff3c6fdb3b1d95ecdc1e7a should be able to broadcastTx ",
                  "fullTitle": "Keys Account Creation, Sign and Broadcast for User1 8e31a0a94dff3c6fdb3b1d95ecdc1e7a should be able to broadcastTx ",
                  "timedOut": false,
                  "duration": 20,
                  "state": "passed",
                  "speed": "fast",
                  "pass": true,
                  "fail": false,
                  "pending": false,
                  "context": null,
                  "code": "let obj = {\n                \"tx\": {\n                    \"msg\": [\n                        {\n                            \"type\": \"cosmos-sdk/MsgSend\",\n                            \"value\": {\n                                \"from_address\": config.testAccountAddress,\n                                \"to_address\": names1.address,\n                                \"amount\": [\n                                    {\n                                        \"denom\": \"stake\",\n                                        \"amount\": \"1000\"\n                                    }\n                                ]\n                            }\n                        }\n                    ],\n                    \"fee\": {\n                        \"amount\": [],\n                        \"gas\": \"200000\"\n                    },\n                    \"signatures\": [\n                        {\n                            \"pub_key\": {\n                                \"type\": names1.typekey,\n                                \"value\": names1.value\n                            },\n                            \"signature\": names1.signature\n                        }\n                    ],\n                    \"memo\": \"\"\n                },\n                \"mode\": \"sync\"\n            }\n            let err, res = await chai.request(server)\n                .post(config.broadcastTx)\n                .send(obj)\n            res.should.have.status(200);\n            res.body.should.be.a('object');\n            expect(res.body.txhash).to.not.equal(null)\n            expect(res.body.txhash).to.not.equal('')\n            let hash = res.body.txhash\n            err, res = await chai.request(server)\n                .get('/txs/' + hash)",
                  "err": {},
                  "uuid": "8a3f6542-7420-44b1-9789-8777484e1d79",
                  "parentUUID": "cf181ffd-71b9-4a9f-b5d3-fc2afa612ad5",
                  "isHook": false,
                  "skipped": false
                }
              ],
              "suites": [],
              "passes": [
                "4a460ef9-2ce9-4739-b7e8-d2081b8ba16b",
                "3241d15a-6e67-4e22-8796-78a157f43ea9",
                "8a3f6542-7420-44b1-9789-8777484e1d79"
              ],
              "failures": [],
              "pending": [],
              "skipped": [],
              "duration": 233,
              "root": false,
              "rootEmpty": false,
              "_timeout": 2000
            },
            {
              "uuid": "4da94993-66bd-4f52-a9ea-89e500159b79",
              "title": "Account Creation, Sign and Broadcast for User2",
              "fullFile": "/home/aditimahesh/Documents/Work/Persistence/go/src/github.com/persistenceOne/assetMantle/mocha/test/tests.js",
              "file": "/test/tests.js",
              "beforeHooks": [
                {
                  "title": "\"before each\" hook",
                  "fullTitle": "Keys Account Creation, Sign and Broadcast for User2 \"before each\" hook",
                  "timedOut": false,
                  "duration": 3003,
                  "state": null,
                  "speed": null,
                  "pass": false,
                  "fail": false,
                  "pending": false,
                  "context": null,
                  "code": "this.timeout(4000)\nsetTimeout(function () {\n    done()\n}, 3000)",
                  "err": {},
                  "uuid": "cb0992c5-436d-4fca-893b-4295d8bf5adf",
                  "parentUUID": "4da94993-66bd-4f52-a9ea-89e500159b79",
                  "isHook": true,
                  "skipped": false
                }
              ],
              "afterHooks": [],
              "tests": [
                {
                  "title": "it should create an account for: c7bded8bbb3f7ebc5fec5df8160c153d",
                  "fullTitle": "Keys Account Creation, Sign and Broadcast for User2 it should create an account for: c7bded8bbb3f7ebc5fec5df8160c153d",
                  "timedOut": false,
                  "duration": 193,
                  "state": "passed",
                  "speed": "slow",
                  "pass": true,
                  "fail": false,
                  "pending": false,
                  "context": null,
                  "code": "let name = {\n                name: name2\n            }\n            let err, res = await chai.request('http://localhost:1317')\n                .post(config.keysAdd)\n                .send(name)\n            res.should.have.status(200);\n            res.body.should.be.a('object');\n            expect(res.body.result.success).to.be.true\n            expect(res.body.result.keyOutput.address).to.not.equal(null)\n            expect(res.body.result.keyOutput.address).to.not.equal('')\n            names2.address = res.body.result.keyOutput.address",
                  "err": {},
                  "uuid": "c1eb81c1-cbe8-41a9-bc36-d92402214a14",
                  "parentUUID": "4da94993-66bd-4f52-a9ea-89e500159b79",
                  "isHook": false,
                  "skipped": false
                },
                {
                  "title": "c7bded8bbb3f7ebc5fec5df8160c153d should be able to signTx ",
                  "fullTitle": "Keys Account Creation, Sign and Broadcast for User2 c7bded8bbb3f7ebc5fec5df8160c153d should be able to signTx ",
                  "timedOut": false,
                  "duration": 33,
                  "state": "passed",
                  "speed": "fast",
                  "pass": true,
                  "fail": false,
                  "pending": false,
                  "context": null,
                  "code": "let obj = {\n                \"baseReq\": {\n                    \"from\": config.testAccountAddress,\n                    \"chain_id\": config.chain_id\n                },\n                \"type\": \"cosmos-sdk/StdTx\",\n                \"value\": {\n                    \"msg\": [\n                        {\n                            \"type\": \"cosmos-sdk/MsgSend\",\n                            \"value\": {\n                                \"from_address\": config.testAccountAddress,\n                                \"to_address\": names2.address,\n                                \"amount\": [\n                                    {\n                                        \"denom\": \"stake\",\n                                        \"amount\": \"1000\"\n                                    }\n                                ]\n                            }\n                        }\n                    ],\n                    \"fee\": {\n                        \"amount\": [],\n                        \"gas\": \"200000\"\n                    },\n                    \"signatures\": null,\n                    \"memo\": \"\"\n                }\n            }\n            let err, res = await chai.request(server)\n                .post(config.signTx)\n                .send(obj)\n            res.should.have.status(200);\n            res.body.should.be.a('object');\n            expect(res.body.result.success).to.be.true\n            names2.typekey = res.body.result.tx.signatures[0].pub_key.type\n            names2.value = res.body.result.tx.signatures[0].pub_key.value\n            names2.signature = res.body.result.tx.signatures[0].signature",
                  "err": {},
                  "uuid": "59a65610-8d0b-495e-a773-7908eb224ac4",
                  "parentUUID": "4da94993-66bd-4f52-a9ea-89e500159b79",
                  "isHook": false,
                  "skipped": false
                },
                {
                  "title": "c7bded8bbb3f7ebc5fec5df8160c153d should be able to broadcastTx ",
                  "fullTitle": "Keys Account Creation, Sign and Broadcast for User2 c7bded8bbb3f7ebc5fec5df8160c153d should be able to broadcastTx ",
                  "timedOut": false,
                  "duration": 10,
                  "state": "passed",
                  "speed": "fast",
                  "pass": true,
                  "fail": false,
                  "pending": false,
                  "context": null,
                  "code": "let obj = {\n                \"tx\": {\n                    \"msg\": [\n                        {\n                            \"type\": \"cosmos-sdk/MsgSend\",\n                            \"value\": {\n                                \"from_address\": config.testAccountAddress,\n                                \"to_address\": names2.address,\n                                \"amount\": [\n                                    {\n                                        \"denom\": \"stake\",\n                                        \"amount\": \"1000\"\n                                    }\n                                ]\n                            }\n                        }\n                    ],\n                    \"fee\": {\n                        \"amount\": [],\n                        \"gas\": \"200000\"\n                    },\n                    \"signatures\": [\n                        {\n                            \"pub_key\": {\n                                \"type\": names2.typekey,\n                                \"value\": names2.value\n                            },\n                            \"signature\": names2.signature\n                        }\n                    ],\n                    \"memo\": \"\"\n                },\n                \"mode\": \"sync\"\n            }\n            let err, res = await chai.request(server)\n                .post(config.broadcastTx)\n                .send(obj)\n            res.should.have.status(200);\n            res.body.should.be.a('object');\n            expect(res.body.txhash).to.not.equal(null)\n            expect(res.body.txhash).to.not.equal('')",
                  "err": {},
                  "uuid": "0e6319c1-71d8-41ac-b058-f5886cf838d4",
                  "parentUUID": "4da94993-66bd-4f52-a9ea-89e500159b79",
                  "isHook": false,
                  "skipped": false
                }
              ],
              "suites": [],
              "passes": [
                "c1eb81c1-cbe8-41a9-bc36-d92402214a14",
                "59a65610-8d0b-495e-a773-7908eb224ac4",
                "0e6319c1-71d8-41ac-b058-f5886cf838d4"
              ],
              "failures": [],
              "pending": [],
              "skipped": [],
              "duration": 236,
              "root": false,
              "rootEmpty": false,
              "_timeout": 2000
            }
          ],
          "passes": [],
          "failures": [],
          "pending": [],
          "skipped": [],
          "duration": 0,
          "root": false,
          "rootEmpty": false,
          "_timeout": 2000
        },
        {
          "uuid": "3401df07-eb97-4045-8ddb-8c7cc7e66499",
          "title": "Identity",
          "fullFile": "/home/aditimahesh/Documents/Work/Persistence/go/src/github.com/persistenceOne/assetMantle/mocha/test/tests.js",
          "file": "/test/tests.js",
          "beforeHooks": [],
          "afterHooks": [],
          "tests": [],
          "suites": [
            {
              "uuid": "8cbe5088-77bd-486c-94d9-6fc3b5150f4f",
              "title": "Nub Tx",
              "fullFile": "/home/aditimahesh/Documents/Work/Persistence/go/src/github.com/persistenceOne/assetMantle/mocha/test/tests.js",
              "file": "/test/tests.js",
              "beforeHooks": [
                {
                  "title": "\"before each\" hook",
                  "fullTitle": "Identity Nub Tx \"before each\" hook",
                  "timedOut": false,
                  "duration": 5005,
                  "state": null,
                  "speed": null,
                  "pass": false,
                  "fail": false,
                  "pending": false,
                  "context": null,
                  "code": "this.timeout(6000)\nsetTimeout(function () {\n    done()\n}, 5000)",
                  "err": {},
                  "uuid": "de0c1a02-aa91-40b6-a328-ae296f2e012f",
                  "parentUUID": "8cbe5088-77bd-486c-94d9-6fc3b5150f4f",
                  "isHook": true,
                  "skipped": false
                }
              ],
              "afterHooks": [],
              "tests": [
                {
                  "title": "nubTx: ",
                  "fullTitle": "Identity Nub Tx nubTx: ",
                  "timedOut": false,
                  "duration": 1429,
                  "state": "passed",
                  "speed": "slow",
                  "pass": true,
                  "fail": false,
                  "pending": false,
                  "context": null,
                  "code": "let obj = {\n                \"type\": config.nubType,\n                \"value\": {\n                    \"baseReq\": {\n                        \"from\": config.testAccountAddress,\n                        \"chain_id\": config.chain_id\n                    },\n                    \"nubID\": config.nubID\n                }\n            }\n            let err, res = await chai.request(server)\n                .post(config.nubPath)\n                .send(obj)\n            res.should.have.status(200);\n            res.body.should.be.a('object');\n            expect(res.body.txhash).to.not.equal(null)\n            expect(res.body.txhash).to.not.equal('')\n            expect(res.body.raw_log).to.not.contain('failed')\n            expect(res.body.raw_log).to.not.contain('EntityAlreadyExists')",
                  "err": {},
                  "uuid": "48352c24-0bb0-44ee-8436-54c90a1ace52",
                  "parentUUID": "8cbe5088-77bd-486c-94d9-6fc3b5150f4f",
                  "isHook": false,
                  "skipped": false
                }
              ],
              "suites": [],
              "passes": [
                "48352c24-0bb0-44ee-8436-54c90a1ace52"
              ],
              "failures": [],
              "pending": [],
              "skipped": [],
              "duration": 1429,
              "root": false,
              "rootEmpty": false,
              "_timeout": 2000
            },
            {
              "uuid": "0062ae7a-08f1-471c-89bb-d490e2ece576",
              "title": "Issue Identity 1",
              "fullFile": "/home/aditimahesh/Documents/Work/Persistence/go/src/github.com/persistenceOne/assetMantle/mocha/test/tests.js",
              "file": "/test/tests.js",
              "beforeHooks": [
                {
                  "title": "\"before each\" hook",
                  "fullTitle": "Identity Issue Identity 1 \"before each\" hook",
                  "timedOut": false,
                  "duration": 4004,
                  "state": null,
                  "speed": null,
                  "pass": false,
                  "fail": false,
                  "pending": false,
                  "context": null,
                  "code": "this.timeout(5000)\nsetTimeout(function () {\n    done()\n}, 4000)",
                  "err": {},
                  "uuid": "0fe5d0e1-a26c-4f5b-aa4c-bb6fb94a6295",
                  "parentUUID": "0062ae7a-08f1-471c-89bb-d490e2ece576",
                  "isHook": true,
                  "skipped": false
                }
              ],
              "afterHooks": [],
              "tests": [
                {
                  "title": "Define Identity: ",
                  "fullTitle": "Identity Issue Identity 1 Define Identity: ",
                  "timedOut": false,
                  "duration": 1055,
                  "state": "passed",
                  "speed": "slow",
                  "pass": true,
                  "fail": false,
                  "pending": false,
                  "context": null,
                  "code": "let identityID = await identity.queryIdentity(config.nubID)\n            let obj = {\n                \"type\": config.defineIdentityType,\n                \"value\": {\n                    \"baseReq\": {\n                        \"from\": config.testAccountAddress,\n                        \"chain_id\": config.chain_id\n                    },\n                    \"fromID\": identityID,\n                    \"mutableTraits\": \"mutableTraits1:S|num1\",\n                    \"immutableTraits\": \"immutableTraits1:S|\",\n                    \"mutableMetaTraits\": \"mutableMetaTraits1:S|num3\",\n                    \"immutableMetaTraits\": \"immutableMetaTraits1:S|num4\"\n                }\n            }\n            let err, res = await chai.request(server)\n                .post(config.defineIdentityPath)\n                .send(obj)\n            res.should.have.status(200);\n            res.body.should.be.a('object');\n            expect(res.body.txhash).to.not.equal(null)\n            expect(res.body.txhash).to.not.equal('')\n            expect(res.body.raw_log).to.not.contain('failed')\n            expect(res.body.raw_log).to.not.contain('error')",
                  "err": {},
                  "uuid": "622d6521-9c5d-47d8-90bf-59504e5145a0",
                  "parentUUID": "0062ae7a-08f1-471c-89bb-d490e2ece576",
                  "isHook": false,
                  "skipped": false
                },
                {
                  "title": "Issue Identity: ",
                  "fullTitle": "Identity Issue Identity 1 Issue Identity: ",
                  "timedOut": false,
                  "duration": 1059,
                  "state": "passed",
                  "speed": "slow",
                  "pass": true,
                  "fail": false,
                  "pending": false,
                  "context": null,
                  "code": "let identityID = await identity.queryIdentity(config.nubID)\n            let clsID = await cls.queryClassification(\"immutableMetaTraits1\")\n            let obj = {\n                \"type\": config.issuedentityType,\n                \"value\": {\n                    \"baseReq\": {\n                        \"from\": config.testAccountAddress,\n                        \"chain_id\": config.chain_id\n                    },\n                    \"to\": config.testAccountAddress,\n                    \"fromID\": identityID,\n                    \"classificationID\": clsID,\n                    \"mutableProperties\": \"mutableTraits1:S|num1\",\n                    \"immutableProperties\": \"immutableTraits1:S|\",\n                    \"mutableMetaProperties\": \"mutableMetaTraits1:S|num3\",\n                    \"immutableMetaProperties\": \"immutableMetaTraits1:S|num4\"\n                }\n            }\n            let err, res = await chai.request(server)\n                .post(config.issueIdentityPath)\n                .send(obj)\n            res.should.have.status(200);\n            res.body.should.be.a('object');\n            expect(res.body.txhash).to.not.equal(null)\n            expect(res.body.txhash).to.not.equal('')\n            expect(res.body.raw_log).to.not.contain('failed')\n            expect(res.body.raw_log).to.not.contain('error')",
                  "err": {},
                  "uuid": "b1ead5cf-210c-43d8-85b8-244657c03b2a",
                  "parentUUID": "0062ae7a-08f1-471c-89bb-d490e2ece576",
                  "isHook": false,
                  "skipped": false
                }
              ],
              "suites": [],
              "passes": [
                "622d6521-9c5d-47d8-90bf-59504e5145a0",
                "b1ead5cf-210c-43d8-85b8-244657c03b2a"
              ],
              "failures": [],
              "pending": [],
              "skipped": [],
              "duration": 2114,
              "root": false,
              "rootEmpty": false,
              "_timeout": 2000
            },
            {
              "uuid": "400c77e1-b52c-40dd-b145-4512b4b671ad",
              "title": "Provision Key",
              "fullFile": "/home/aditimahesh/Documents/Work/Persistence/go/src/github.com/persistenceOne/assetMantle/mocha/test/tests.js",
              "file": "/test/tests.js",
              "beforeHooks": [
                {
                  "title": "\"before each\" hook",
                  "fullTitle": "Identity Provision Key \"before each\" hook",
                  "timedOut": false,
                  "duration": 4002,
                  "state": null,
                  "speed": null,
                  "pass": false,
                  "fail": false,
                  "pending": false,
                  "context": null,
                  "code": "this.timeout(5000)\nsetTimeout(function () {\n    done()\n}, 4000)",
                  "err": {},
                  "uuid": "00ec8a04-5297-4d8c-9d87-e38a72791ccb",
                  "parentUUID": "400c77e1-b52c-40dd-b145-4512b4b671ad",
                  "isHook": true,
                  "skipped": false
                }
              ],
              "afterHooks": [],
              "tests": [
                {
                  "title": "Provision Key: ",
                  "fullTitle": "Identity Provision Key Provision Key: ",
                  "timedOut": false,
                  "duration": 1067,
                  "state": "passed",
                  "speed": "slow",
                  "pass": true,
                  "fail": false,
                  "pending": false,
                  "context": null,
                  "code": "let identityID = await identity.queryIdentity(config.nubID)\n            let obj = {\n                \"type\": config.provisionKeyType,\n                \"value\": {\n                    \"baseReq\": {\n                        \"from\": config.testAccountAddress,\n                        \"chain_id\": config.chain_id\n                    },\n                    \"to\": randomWallet.address,\n                    \"identityID\": identityID\n                }\n            }\n            let err, res = await chai.request(server)\n                .post(config.provisionKeyPath)\n                .send(obj)\n            res.should.have.status(200);\n            res.body.should.be.a('object');\n            expect(res.body.txhash).to.not.equal(null)\n            expect(res.body.txhash).to.not.equal('')\n            expect(res.body.raw_log).to.not.contain('failed')\n            expect(res.body.raw_log).to.not.contain('error')",
                  "err": {},
                  "uuid": "a12e4ae3-8d87-41c7-9101-33f98935a8e0",
                  "parentUUID": "400c77e1-b52c-40dd-b145-4512b4b671ad",
                  "isHook": false,
                  "skipped": false
                }
              ],
              "suites": [],
              "passes": [
                "a12e4ae3-8d87-41c7-9101-33f98935a8e0"
              ],
              "failures": [],
              "pending": [],
              "skipped": [],
              "duration": 1067,
              "root": false,
              "rootEmpty": false,
              "_timeout": 2000
            },
            {
              "uuid": "3a912cc7-e2cf-4deb-b55e-9e720cc25078",
              "title": "Unprovision Key",
              "fullFile": "/home/aditimahesh/Documents/Work/Persistence/go/src/github.com/persistenceOne/assetMantle/mocha/test/tests.js",
              "file": "/test/tests.js",
              "beforeHooks": [
                {
                  "title": "\"before each\" hook",
                  "fullTitle": "Identity Unprovision Key \"before each\" hook",
                  "timedOut": false,
                  "duration": 4002,
                  "state": null,
                  "speed": null,
                  "pass": false,
                  "fail": false,
                  "pending": false,
                  "context": null,
                  "code": "this.timeout(5000)\nsetTimeout(function () {\n    done()\n}, 4000)",
                  "err": {},
                  "uuid": "2355ca81-a2f7-4a49-9d98-116454977e83",
                  "parentUUID": "3a912cc7-e2cf-4deb-b55e-9e720cc25078",
                  "isHook": true,
                  "skipped": false
                }
              ],
              "afterHooks": [],
              "tests": [
                {
                  "title": "Unprovision Key: ",
                  "fullTitle": "Identity Unprovision Key Unprovision Key: ",
                  "timedOut": false,
                  "duration": 1074,
                  "state": "passed",
                  "speed": "slow",
                  "pass": true,
                  "fail": false,
                  "pending": false,
                  "context": null,
                  "code": "let identityID = await identity.queryIdentity(config.nubID)\n            let obj = {\n                \"type\": config.unprovisionKeyType,\n                \"value\": {\n                    \"baseReq\": {\n                        \"from\": config.testAccountAddress,\n                        \"chain_id\": config.chain_id\n                    },\n                    \"to\": randomWallet.address,\n                    \"identityID\": identityID\n                }\n            }\n            let err, res = await chai.request(server)\n                .post(config.unprovisionKeyPath)\n                .send(obj)\n            res.should.have.status(200);\n            res.body.should.be.a('object');\n            expect(res.body.txhash).to.not.equal(null)\n            expect(res.body.txhash).to.not.equal('')\n            expect(res.body.raw_log).to.not.contain('failed')\n            expect(res.body.raw_log).to.not.contain('error')",
                  "err": {},
                  "uuid": "99a5501b-2f7a-49a8-9aab-7fda5e527a15",
                  "parentUUID": "3a912cc7-e2cf-4deb-b55e-9e720cc25078",
                  "isHook": false,
                  "skipped": false
                }
              ],
              "suites": [],
              "passes": [
                "99a5501b-2f7a-49a8-9aab-7fda5e527a15"
              ],
              "failures": [],
              "pending": [],
              "skipped": [],
              "duration": 1074,
              "root": false,
              "rootEmpty": false,
              "_timeout": 2000
            },
            {
              "uuid": "be878d6a-c3f7-4b4b-bb71-9ec840301648",
              "title": "Provision an unprovision Key",
              "fullFile": "/home/aditimahesh/Documents/Work/Persistence/go/src/github.com/persistenceOne/assetMantle/mocha/test/tests.js",
              "file": "/test/tests.js",
              "beforeHooks": [
                {
                  "title": "\"before each\" hook",
                  "fullTitle": "Identity Provision an unprovision Key \"before each\" hook",
                  "timedOut": false,
                  "duration": 4003,
                  "state": null,
                  "speed": null,
                  "pass": false,
                  "fail": false,
                  "pending": false,
                  "context": null,
                  "code": "this.timeout(5000)\nsetTimeout(function () {\n    done()\n}, 4000)",
                  "err": {},
                  "uuid": "6be704f8-9ae1-4122-88e5-73a54ddedf85",
                  "parentUUID": "be878d6a-c3f7-4b4b-bb71-9ec840301648",
                  "isHook": true,
                  "skipped": false
                }
              ],
              "afterHooks": [],
              "tests": [
                {
                  "title": "Provision an unprovision Key: ",
                  "fullTitle": "Identity Provision an unprovision Key Provision an unprovision Key: ",
                  "timedOut": false,
                  "duration": 1054,
                  "state": "passed",
                  "speed": "slow",
                  "pass": true,
                  "fail": false,
                  "pending": false,
                  "context": null,
                  "code": "let identityID = await identity.queryIdentity(config.nubID)\n            let obj = {\n                \"type\": config.provisionKeyType,\n                \"value\": {\n                    \"baseReq\": {\n                        \"from\": config.testAccountAddress,\n                        \"chain_id\": config.chain_id\n                    },\n                    \"to\": randomWallet.address,\n                    \"identityID\": identityID\n                }\n            }\n            let err, res = await chai.request(server)\n                .post(config.provisionKeyPath)\n                .send(obj)\n            res.should.have.status(200);\n            res.body.should.be.a('object');\n            expect(res.body.txhash).to.not.equal(null)\n            expect(res.body.txhash).to.not.equal('')\n            expect(res.body.raw_log).to.contain('DeletionNotAllowed')",
                  "err": {},
                  "uuid": "11e94fc7-5eb4-474a-bca9-7b6560bcc8c9",
                  "parentUUID": "be878d6a-c3f7-4b4b-bb71-9ec840301648",
                  "isHook": false,
                  "skipped": false
                }
              ],
              "suites": [],
              "passes": [
                "11e94fc7-5eb4-474a-bca9-7b6560bcc8c9"
              ],
              "failures": [],
              "pending": [],
              "skipped": [],
              "duration": 1054,
              "root": false,
              "rootEmpty": false,
              "_timeout": 2000
            },
            {
              "uuid": "3148d9eb-b39c-4798-a89b-ecc47fa802a2",
              "title": "Issue Identity 2",
              "fullFile": "/home/aditimahesh/Documents/Work/Persistence/go/src/github.com/persistenceOne/assetMantle/mocha/test/tests.js",
              "file": "/test/tests.js",
              "beforeHooks": [
                {
                  "title": "\"before each\" hook",
                  "fullTitle": "Identity Issue Identity 2 \"before each\" hook",
                  "timedOut": false,
                  "duration": 4004,
                  "state": null,
                  "speed": null,
                  "pass": false,
                  "fail": false,
                  "pending": false,
                  "context": null,
                  "code": "this.timeout(5000)\nsetTimeout(function () {\n    done()\n}, 4000)",
                  "err": {},
                  "uuid": "e5b81eed-a518-4e9e-a32e-d758d0506e27",
                  "parentUUID": "3148d9eb-b39c-4798-a89b-ecc47fa802a2",
                  "isHook": true,
                  "skipped": false
                }
              ],
              "afterHooks": [],
              "tests": [
                {
                  "title": "Define Identity: ",
                  "fullTitle": "Identity Issue Identity 2 Define Identity: ",
                  "timedOut": false,
                  "duration": 1059,
                  "state": "passed",
                  "speed": "slow",
                  "pass": true,
                  "fail": false,
                  "pending": false,
                  "context": null,
                  "code": "let identityID = await identity.queryIdentity(config.nubID)\n            let obj = {\n                \"type\": config.defineIdentityType,\n                \"value\": {\n                    \"baseReq\": {\n                        \"from\": config.testAccountAddress,\n                        \"chain_id\": config.chain_id\n                    },\n                    \"fromID\": identityID,\n                    \"mutableTraits\": \"mutableTraits2:S|num1\",\n                    \"immutableTraits\": \"immutableTraits2:S|\",\n                    \"mutableMetaTraits\": \"mutableMetaTraits2:S|num3\",\n                    \"immutableMetaTraits\": \"immutableMetaTraits2:S|num4\"\n                }\n            }\n            let err, res = await chai.request(server)\n                .post(config.defineIdentityPath)\n                .send(obj)\n            res.should.have.status(200);\n            res.body.should.be.a('object');\n            expect(res.body.txhash).to.not.equal(null)\n            expect(res.body.txhash).to.not.equal('')\n            expect(res.body.raw_log).to.not.contain('failed')\n            expect(res.body.raw_log).to.not.contain('error')",
                  "err": {},
                  "uuid": "513d4692-3489-4018-a556-10e38bbed5f4",
                  "parentUUID": "3148d9eb-b39c-4798-a89b-ecc47fa802a2",
                  "isHook": false,
                  "skipped": false
                },
                {
                  "title": "Issue Identity 2: ",
                  "fullTitle": "Identity Issue Identity 2 Issue Identity 2: ",
                  "timedOut": false,
                  "duration": 1065,
                  "state": "passed",
                  "speed": "slow",
                  "pass": true,
                  "fail": false,
                  "pending": false,
                  "context": null,
                  "code": "let identityID = await identity.queryIdentity(config.nubID)\n            let clsID = await cls.queryClassification(\"immutableMetaTraits2\")\n            let obj = {\n                \"type\": config.issuedentityType,\n                \"value\": {\n                    \"baseReq\": {\n                        \"from\": config.testAccountAddress,\n                        \"chain_id\": config.chain_id\n                    },\n                    \"to\": config.testAccountAddress,\n                    \"fromID\": identityID,\n                    \"classificationID\": clsID,\n                    \"mutableProperties\": \"mutableTraits2:S|num1\",\n                    \"immutableProperties\": \"immutableTraits2:S|\",\n                    \"mutableMetaProperties\": \"mutableMetaTraits2:S|num3\",\n                    \"immutableMetaProperties\": \"immutableMetaTraits2:S|num4\"\n                }\n            }\n            let err, res = await chai.request(server)\n                .post(config.issueIdentityPath)\n                .send(obj)\n            res.should.have.status(200);\n            res.body.should.be.a('object');\n            expect(res.body.txhash).to.not.equal(null)\n            expect(res.body.txhash).to.not.equal('')\n            expect(res.body.raw_log).to.not.contain('failed')\n            expect(res.body.raw_log).to.not.contain('error')",
                  "err": {},
                  "uuid": "cfb2faed-5200-410b-9461-c29d2b6453b1",
                  "parentUUID": "3148d9eb-b39c-4798-a89b-ecc47fa802a2",
                  "isHook": false,
                  "skipped": false
                }
              ],
              "suites": [],
              "passes": [
                "513d4692-3489-4018-a556-10e38bbed5f4",
                "cfb2faed-5200-410b-9461-c29d2b6453b1"
              ],
              "failures": [],
              "pending": [],
              "skipped": [],
              "duration": 2124,
              "root": false,
              "rootEmpty": false,
              "_timeout": 2000
            },
            {
              "uuid": "d216359c-c793-4334-b054-3d9e72e50134",
              "title": "Issue Identity 3",
              "fullFile": "/home/aditimahesh/Documents/Work/Persistence/go/src/github.com/persistenceOne/assetMantle/mocha/test/tests.js",
              "file": "/test/tests.js",
              "beforeHooks": [
                {
                  "title": "\"before each\" hook",
                  "fullTitle": "Identity Issue Identity 3 \"before each\" hook",
                  "timedOut": false,
                  "duration": 4002,
                  "state": null,
                  "speed": null,
                  "pass": false,
                  "fail": false,
                  "pending": false,
                  "context": null,
                  "code": "this.timeout(5000)\nsetTimeout(function () {\n    done()\n}, 4000)",
                  "err": {},
                  "uuid": "54f43d4c-bebd-418a-a648-af46082abf04",
                  "parentUUID": "d216359c-c793-4334-b054-3d9e72e50134",
                  "isHook": true,
                  "skipped": false
                }
              ],
              "afterHooks": [],
              "tests": [
                {
                  "title": "Define Identity: ",
                  "fullTitle": "Identity Issue Identity 3 Define Identity: ",
                  "timedOut": false,
                  "duration": 1065,
                  "state": "passed",
                  "speed": "slow",
                  "pass": true,
                  "fail": false,
                  "pending": false,
                  "context": null,
                  "code": "let identityID = await identity.queryIdentity(config.nubID)\n            let obj = {\n                \"type\": config.defineIdentityType,\n                \"value\": {\n                    \"baseReq\": {\n                        \"from\": config.testAccountAddress,\n                        \"chain_id\": config.chain_id\n                    },\n                    \"fromID\": identityID,\n                    \"mutableTraits\": \"mutableTraits3:S|num1\",\n                    \"immutableTraits\": \"immutableTraits3:S|\",\n                    \"mutableMetaTraits\": \"mutableMetaTraits3:S|num3\",\n                    \"immutableMetaTraits\": \"immutableMetaTraits3:S|num4\"\n                }\n            }\n            let err, res = await chai.request(server)\n                .post(config.defineIdentityPath)\n                .send(obj)\n            res.should.have.status(200);\n            res.body.should.be.a('object');\n            expect(res.body.txhash).to.not.equal(null)\n            expect(res.body.txhash).to.not.equal('')\n            expect(res.body.raw_log).to.not.contain('failed')\n            expect(res.body.raw_log).to.not.contain('error')",
                  "err": {},
                  "uuid": "fad806b6-bb41-4120-9e3b-2ce081ae4d25",
                  "parentUUID": "d216359c-c793-4334-b054-3d9e72e50134",
                  "isHook": false,
                  "skipped": false
                },
                {
                  "title": "Issue Identity 3: ",
                  "fullTitle": "Identity Issue Identity 3 Issue Identity 3: ",
                  "timedOut": false,
                  "duration": 1056,
                  "state": "passed",
                  "speed": "slow",
                  "pass": true,
                  "fail": false,
                  "pending": false,
                  "context": null,
                  "code": "let identityID = await identity.queryIdentity(config.nubID)\n            let clsID = await cls.queryClassification(\"immutableMetaTraits3\")\n            let obj = {\n                \"type\": config.issuedentityType,\n                \"value\": {\n                    \"baseReq\": {\n                        \"from\": config.testAccountAddress,\n                        \"chain_id\": config.chain_id\n                    },\n                    \"to\": config.testAccountAddress,\n                    \"fromID\": identityID,\n                    \"classificationID\": clsID,\n                    \"mutableProperties\": \"mutableTraits3:S|num1\",\n                    \"immutableProperties\": \"immutableTraits3:S|\",\n                    \"mutableMetaProperties\": \"mutableMetaTraits3:S|num3\",\n                    \"immutableMetaProperties\": \"immutableMetaTraits3:S|num4\"\n                }\n            }\n            let err, res = await chai.request(server)\n                .post(config.issueIdentityPath)\n                .send(obj)\n            res.should.have.status(200);\n            res.body.should.be.a('object');\n            expect(res.body.txhash).to.not.equal(null)\n            expect(res.body.txhash).to.not.equal('')\n            expect(res.body.raw_log).to.not.contain('failed')\n            expect(res.body.raw_log).to.not.contain('error')",
                  "err": {},
                  "uuid": "6421cfd1-4693-4cca-b0bf-7a1bac82f140",
                  "parentUUID": "d216359c-c793-4334-b054-3d9e72e50134",
                  "isHook": false,
                  "skipped": false
                }
              ],
              "suites": [],
              "passes": [
                "fad806b6-bb41-4120-9e3b-2ce081ae4d25",
                "6421cfd1-4693-4cca-b0bf-7a1bac82f140"
              ],
              "failures": [],
              "pending": [],
              "skipped": [],
              "duration": 2121,
              "root": false,
              "rootEmpty": false,
              "_timeout": 2000
            }
          ],
          "passes": [],
          "failures": [],
          "pending": [],
          "skipped": [],
          "duration": 0,
          "root": false,
          "rootEmpty": false,
          "_timeout": 2000
        },
        {
          "uuid": "11cb56f6-0175-4e47-8175-195a06afaad2",
          "title": "Assets",
          "fullFile": "/home/aditimahesh/Documents/Work/Persistence/go/src/github.com/persistenceOne/assetMantle/mocha/test/tests.js",
          "file": "/test/tests.js",
          "beforeHooks": [],
          "afterHooks": [],
          "tests": [],
          "suites": [
            {
              "uuid": "99afabbc-e91c-4967-8c2a-f260b991d4c5",
              "title": "Mint Asset",
              "fullFile": "/home/aditimahesh/Documents/Work/Persistence/go/src/github.com/persistenceOne/assetMantle/mocha/test/tests.js",
              "file": "/test/tests.js",
              "beforeHooks": [
                {
                  "title": "\"before each\" hook",
                  "fullTitle": "Assets Mint Asset \"before each\" hook",
                  "timedOut": false,
                  "duration": 4004,
                  "state": null,
                  "speed": null,
                  "pass": false,
                  "fail": false,
                  "pending": false,
                  "context": null,
                  "code": "this.timeout(5000)\nsetTimeout(function () {\n    done()\n}, 4000)",
                  "err": {},
                  "uuid": "0987ac00-d05d-4739-86b9-e99148f608e5",
                  "parentUUID": "99afabbc-e91c-4967-8c2a-f260b991d4c5",
                  "isHook": true,
                  "skipped": false
                }
              ],
              "afterHooks": [],
              "tests": [
                {
                  "title": "Define Asset: ",
                  "fullTitle": "Assets Mint Asset Define Asset: ",
                  "timedOut": false,
                  "duration": 1029,
                  "state": "passed",
                  "speed": "slow",
                  "pass": true,
                  "fail": false,
                  "pending": false,
                  "context": null,
                  "code": "let identityID = await identity.queryIdentity(\"immutableMetaTraits1\")\n            let obj = {\n                \"type\": config.defineAssetType,\n                \"value\": {\n                    \"baseReq\": {\n                        \"from\": config.testAccountAddress,\n                        \"chain_id\": config.chain_id\n                    },\n                    \"fromID\": identityID,\n                    \"mutableTraits\": \"ASSET1:S|\" + \",burn:H|1\",\n                    \"immutableTraits\": \"ASSET2:S|\",\n                    \"mutableMetaTraits\": \"ASSET3:S|\",\n                    \"immutableMetaTraits\": \"ASSET4:S|\"\n                }\n            }\n            let err, res = await chai.request(server)\n                .post(config.defineAssetPath)\n                .send(obj);\n            res.should.have.status(200);\n            res.body.should.be.a('object');\n            expect(res.body.txhash).to.not.equal(null)\n            expect(res.body.txhash).to.not.equal('')\n            expect(res.body.raw_log).to.not.contain('failed')\n            expect(res.body.raw_log).to.not.contain('error')",
                  "err": {},
                  "uuid": "aca367d6-0d9e-4a2c-adc0-51875115725a",
                  "parentUUID": "99afabbc-e91c-4967-8c2a-f260b991d4c5",
                  "isHook": false,
                  "skipped": false
                },
                {
                  "title": "Mint Asset: ",
                  "fullTitle": "Assets Mint Asset Mint Asset: ",
                  "timedOut": false,
                  "duration": 1092,
                  "state": "passed",
                  "speed": "slow",
                  "pass": true,
                  "fail": false,
                  "pending": false,
                  "context": null,
                  "code": "let identityID = await identity.queryIdentity(\"immutableMetaTraits1\")\n            let clsID = await cls.queryClassification(\"ASSET4\")\n            let obj = {\n                \"type\": config.mintAssetType,\n                \"value\": {\n                    \"baseReq\": {\n                        \"from\": config.testAccountAddress,\n                        \"chain_id\": config.chain_id\n                    },\n                    \"toID\": identityID,\n                    \"fromID\": identityID,\n                    \"classificationID\": clsID,\n                    \"mutableProperties\": \"ASSET1:S|num1\" + \",burn:H|1\",\n                    \"immutableProperties\": \"ASSET2:S|num2\",\n                    \"mutableMetaProperties\": \"ASSET3:S|num3\",\n                    \"immutableMetaProperties\": \"ASSET4:S|num4\"\n                }\n            }\n            let err, res = await chai.request(server)\n                .post(config.mintAssetPath)\n                .send(obj)\n            res.should.have.status(200);\n            res.body.should.be.a('object');\n            expect(res.body.txhash).to.not.equal(null)\n            expect(res.body.txhash).to.not.equal('')\n            expect(res.body.raw_log).to.not.contain('failed')\n            expect(res.body.raw_log).to.not.contain('error')",
                  "err": {},
                  "uuid": "60a917e8-9eea-48c8-bcb9-c9d5a831d103",
                  "parentUUID": "99afabbc-e91c-4967-8c2a-f260b991d4c5",
                  "isHook": false,
                  "skipped": false
                }
              ],
              "suites": [],
              "passes": [
                "aca367d6-0d9e-4a2c-adc0-51875115725a",
                "60a917e8-9eea-48c8-bcb9-c9d5a831d103"
              ],
              "failures": [],
              "pending": [],
              "skipped": [],
              "duration": 2121,
              "root": false,
              "rootEmpty": false,
              "_timeout": 2000
            },
            {
              "uuid": "97658f78-621b-4200-88c4-5385b83ae24a",
              "title": "Mutate Asset",
              "fullFile": "/home/aditimahesh/Documents/Work/Persistence/go/src/github.com/persistenceOne/assetMantle/mocha/test/tests.js",
              "file": "/test/tests.js",
              "beforeHooks": [
                {
                  "title": "\"before each\" hook",
                  "fullTitle": "Assets Mutate Asset \"before each\" hook",
                  "timedOut": false,
                  "duration": 4005,
                  "state": null,
                  "speed": null,
                  "pass": false,
                  "fail": false,
                  "pending": false,
                  "context": null,
                  "code": "this.timeout(5000)\nsetTimeout(function () {\n    done()\n}, 4000)",
                  "err": {},
                  "uuid": "c58289be-76b2-4194-b382-e2ced65a3019",
                  "parentUUID": "97658f78-621b-4200-88c4-5385b83ae24a",
                  "isHook": true,
                  "skipped": false
                }
              ],
              "afterHooks": [],
              "tests": [
                {
                  "title": "Mutate Asset: ",
                  "fullTitle": "Assets Mutate Asset Mutate Asset: ",
                  "timedOut": false,
                  "duration": 1054,
                  "state": "passed",
                  "speed": "slow",
                  "pass": true,
                  "fail": false,
                  "pending": false,
                  "context": null,
                  "code": "let identityID = await identity.queryIdentity(\"immutableMetaTraits1\")\n            let assetID = await assets.queryAsset(\"ASSET4\")\n            let obj = {\n                \"type\": config.mutateAssetType,\n                \"value\": {\n                    \"baseReq\": {\n                        \"from\": config.testAccountAddress,\n                        \"chain_id\": config.chain_id\n                    },\n                    \"fromID\": identityID,\n                    \"assetID\": assetID,\n                    \"mutableProperties\": \"ASSET1:S|\",\n                    \"mutableMetaProperties\": \"ASSET3:S|num3\"\n                }\n            }\n            let err, res = await chai.request(server)\n                .post(config.mutateAssetPath)\n                .send(obj);\n            res.should.have.status(200);\n            res.body.should.be.a('object');\n            expect(res.body.txhash).to.not.equal(null)\n            expect(res.body.txhash).to.not.equal('')\n            expect(res.body.raw_log).to.not.contain('failed')\n            expect(res.body.raw_log).to.not.contain('error')",
                  "err": {},
                  "uuid": "bf9aa90c-e4fa-4194-ba1d-152d1f343642",
                  "parentUUID": "97658f78-621b-4200-88c4-5385b83ae24a",
                  "isHook": false,
                  "skipped": false
                }
              ],
              "suites": [],
              "passes": [
                "bf9aa90c-e4fa-4194-ba1d-152d1f343642"
              ],
              "failures": [],
              "pending": [],
              "skipped": [],
              "duration": 1054,
              "root": false,
              "rootEmpty": false,
              "_timeout": 2000
            },
            {
              "uuid": "62be347b-b8ef-4d96-95d5-8903d0159997",
              "title": "Mint Asset with meta properties",
              "fullFile": "/home/aditimahesh/Documents/Work/Persistence/go/src/github.com/persistenceOne/assetMantle/mocha/test/tests.js",
              "file": "/test/tests.js",
              "beforeHooks": [
                {
                  "title": "\"before each\" hook",
                  "fullTitle": "Assets Mint Asset with meta properties \"before each\" hook",
                  "timedOut": false,
                  "duration": 4002,
                  "state": null,
                  "speed": null,
                  "pass": false,
                  "fail": false,
                  "pending": false,
                  "context": null,
                  "code": "this.timeout(5000)\nsetTimeout(function () {\n    done()\n}, 4000)",
                  "err": {},
                  "uuid": "f1b12a41-a882-4fe6-bb10-293993267292",
                  "parentUUID": "62be347b-b8ef-4d96-95d5-8903d0159997",
                  "isHook": true,
                  "skipped": false
                }
              ],
              "afterHooks": [],
              "tests": [
                {
                  "title": "Mint Asset with meta properties: ",
                  "fullTitle": "Assets Mint Asset with meta properties Mint Asset with meta properties: ",
                  "timedOut": false,
                  "duration": 1084,
                  "state": "passed",
                  "speed": "slow",
                  "pass": true,
                  "fail": false,
                  "pending": false,
                  "context": null,
                  "code": "let identityID = await identity.queryIdentity(\"immutableMetaTraits1\")\n            let clsID = await cls.queryClassification(\"ASSET4\")\n            let obj = {\n                \"type\": config.mintAssetType,\n                \"value\": {\n                    \"baseReq\": {\n                        \"from\": config.testAccountAddress,\n                        \"chain_id\": config.chain_id\n                    },\n                    \"toID\": identityID,\n                    \"fromID\": identityID,\n                    \"classificationID\": clsID,\n                    \"mutableProperties\": \"ASSET1:S|num5\" + \",burn:H|1\",\n                    \"immutableProperties\": \"ASSET2:S|num6\",\n                    \"mutableMetaProperties\": \"ASSET3:S|num7\",\n                    \"immutableMetaProperties\": \"ASSET4:S|num8\"\n                }\n            }\n            let err, res = await chai.request(server)\n                .post(config.mintAssetPath)\n                .send(obj);\n            res.should.have.status(200);\n            res.body.should.be.a('object');\n            expect(res.body.txhash).to.not.equal(null)\n            expect(res.body.txhash).to.not.equal('')\n            expect(res.body.raw_log).to.not.contain('failed')\n            expect(res.body.raw_log).to.not.contain('error')",
                  "err": {},
                  "uuid": "b3263d56-f95e-4767-8a5f-4f0b316c1e3e",
                  "parentUUID": "62be347b-b8ef-4d96-95d5-8903d0159997",
                  "isHook": false,
                  "skipped": false
                }
              ],
              "suites": [],
              "passes": [
                "b3263d56-f95e-4767-8a5f-4f0b316c1e3e"
              ],
              "failures": [],
              "pending": [],
              "skipped": [],
              "duration": 1084,
              "root": false,
              "rootEmpty": false,
              "_timeout": 2000
            },
            {
              "uuid": "cf57a49f-d7d9-48a7-8c57-661df08b0307",
              "title": "Mutate asset non meta properties to meta properties",
              "fullFile": "/home/aditimahesh/Documents/Work/Persistence/go/src/github.com/persistenceOne/assetMantle/mocha/test/tests.js",
              "file": "/test/tests.js",
              "beforeHooks": [
                {
                  "title": "\"before each\" hook",
                  "fullTitle": "Assets Mutate asset non meta properties to meta properties \"before each\" hook",
                  "timedOut": false,
                  "duration": 4002,
                  "state": null,
                  "speed": null,
                  "pass": false,
                  "fail": false,
                  "pending": false,
                  "context": null,
                  "code": "this.timeout(5000)\nsetTimeout(function () {\n    done()\n}, 4000)",
                  "err": {},
                  "uuid": "62ca71a8-d7c1-4072-878a-7cf700677a29",
                  "parentUUID": "cf57a49f-d7d9-48a7-8c57-661df08b0307",
                  "isHook": true,
                  "skipped": false
                }
              ],
              "afterHooks": [],
              "tests": [
                {
                  "title": "Define Asset: ",
                  "fullTitle": "Assets Mutate asset non meta properties to meta properties Define Asset: ",
                  "timedOut": false,
                  "duration": 1021,
                  "state": "passed",
                  "speed": "slow",
                  "pass": true,
                  "fail": false,
                  "pending": false,
                  "context": null,
                  "code": "let identityID = await identity.queryIdentity(\"immutableMetaTraits1\")\n            let obj = {\n                \"type\": config.defineAssetType,\n                \"value\": {\n                    \"baseReq\": {\n                        \"from\": config.testAccountAddress,\n                        \"chain_id\": config.chain_id\n                    },\n                    \"fromID\": identityID,\n                    \"mutableTraits\": \"ASSETS1:S|\" + \",burn:H|1\",\n                    \"immutableTraits\": \"ASSETS2:S|\",\n                    \"mutableMetaTraits\": \"ASSETS3:S|\",\n                    \"immutableMetaTraits\": \"ASSETS4:S|\"\n                }\n            }\n            let err, res = await chai.request(server)\n                .post(config.defineAssetPath)\n                .send(obj);\n            res.should.have.status(200);\n            res.body.should.be.a('object');\n            expect(res.body.txhash).to.not.equal(null)\n            expect(res.body.txhash).to.not.equal('')\n            expect(res.body.raw_log).to.not.contain('failed')\n            expect(res.body.raw_log).to.not.contain('error')",
                  "err": {},
                  "uuid": "888536f7-000c-4e2e-aa6e-9516064ac14c",
                  "parentUUID": "cf57a49f-d7d9-48a7-8c57-661df08b0307",
                  "isHook": false,
                  "skipped": false
                },
                {
                  "title": "Mint Asset: ",
                  "fullTitle": "Assets Mutate asset non meta properties to meta properties Mint Asset: ",
                  "timedOut": false,
                  "duration": 1059,
                  "state": "passed",
                  "speed": "slow",
                  "pass": true,
                  "fail": false,
                  "pending": false,
                  "context": null,
                  "code": "let identityID = await identity.queryIdentity(\"immutableMetaTraits1\")\n            let clsID = await cls.queryClassification(\"ASSETS4\")\n            let obj = {\n                \"type\": config.mintAssetType,\n                \"value\": {\n                    \"baseReq\": {\n                        \"from\": config.testAccountAddress,\n                        \"chain_id\": config.chain_id\n                    },\n                    \"toID\": identityID,\n                    \"fromID\": identityID,\n                    \"classificationID\": clsID,\n                    \"mutableProperties\": \"ASSETS1:S|num5\" + \",burn:H|1\",\n                    \"immutableProperties\": \"ASSETS2:S|num6\",\n                    \"mutableMetaProperties\": \"ASSETS3:S|num7\",\n                    \"immutableMetaProperties\": \"ASSETS4:S|num8\"\n                }\n            }\n            let err, res = await chai.request(server)\n                .post(config.mintAssetPath)\n                .send(obj);\n            res.should.have.status(200);\n            res.body.should.be.a('object');\n            expect(res.body.txhash).to.not.equal(null)\n            expect(res.body.txhash).to.not.equal('')\n            expect(res.body.raw_log).to.not.contain('failed')\n            expect(res.body.raw_log).to.not.contain('error')",
                  "err": {},
                  "uuid": "3b0f448c-e4e0-4613-9c38-87471e157be6",
                  "parentUUID": "cf57a49f-d7d9-48a7-8c57-661df08b0307",
                  "isHook": false,
                  "skipped": false
                },
                {
                  "title": "Meta Reveal: ",
                  "fullTitle": "Assets Mutate asset non meta properties to meta properties Meta Reveal: ",
                  "timedOut": false,
                  "duration": 1056,
                  "state": "passed",
                  "speed": "slow",
                  "pass": true,
                  "fail": false,
                  "pending": false,
                  "context": null,
                  "code": "let obj = {\n                \"type\": config.metaRevealType,\n                \"value\": {\n                    \"baseReq\": {\n                        \"from\": config.testAccountAddress,\n                        \"chain_id\": config.chain_id\n                    },\n                    \"metaFact\": \"S|num5\"\n                }\n            }\n            let err, res = await chai.request(server)\n                .post(config.metaRevealPath)\n                .send(obj);\n            expect(res.body.txhash).to.not.equal(null)\n            expect(res.body.txhash).to.not.equal('')\n            expect(res.body.raw_log).to.not.contain('failed')\n            expect(res.body.raw_log).to.not.contain('error')",
                  "err": {},
                  "uuid": "3dc4918e-d932-49a0-8a76-f74202593e0a",
                  "parentUUID": "cf57a49f-d7d9-48a7-8c57-661df08b0307",
                  "isHook": false,
                  "skipped": false
                },
                {
                  "title": "Mutate Asset non meta properties to meta properties: ",
                  "fullTitle": "Assets Mutate asset non meta properties to meta properties Mutate Asset non meta properties to meta properties: ",
                  "timedOut": false,
                  "duration": 1065,
                  "state": "passed",
                  "speed": "slow",
                  "pass": true,
                  "fail": false,
                  "pending": false,
                  "context": null,
                  "code": "let identityID = await identity.queryIdentity(\"immutableMetaTraits1\")\n            let assetID = await assets.queryAsset(\"ASSETS4\")\n            let obj = {\n                \"type\": config.mutateAssetType,\n                \"value\": {\n                    \"baseReq\": {\n                        \"from\": config.testAccountAddress,\n                        \"chain_id\": config.chain_id\n                    },\n                    \"fromID\": identityID,\n                    \"assetID\": assetID,\n                    \"mutableProperties\": \"ASSETS1:S|\",\n                    \"mutableMetaProperties\": \"ASSETS3:S|num5\"\n                }\n            }\n            let err, res = await chai.request(server)\n                .post(config.mutateAssetPath)\n                .send(obj);\n            res.should.have.status(200);\n            res.body.should.be.a('object');\n            expect(res.body.txhash).to.not.equal(null)\n            expect(res.body.txhash).to.not.equal('')\n            expect(res.body.raw_log).to.not.contain('failed')\n            expect(res.body.raw_log).to.not.contain('error')",
                  "err": {},
                  "uuid": "52a5f1ac-bbfa-4ba9-afb0-ed1cb72daa6e",
                  "parentUUID": "cf57a49f-d7d9-48a7-8c57-661df08b0307",
                  "isHook": false,
                  "skipped": false
                }
              ],
              "suites": [],
              "passes": [
                "888536f7-000c-4e2e-aa6e-9516064ac14c",
                "3b0f448c-e4e0-4613-9c38-87471e157be6",
                "3dc4918e-d932-49a0-8a76-f74202593e0a",
                "52a5f1ac-bbfa-4ba9-afb0-ed1cb72daa6e"
              ],
              "failures": [],
              "pending": [],
              "skipped": [],
              "duration": 4201,
              "root": false,
              "rootEmpty": false,
              "_timeout": 2000
            },
            {
              "uuid": "945da7a5-2301-40d1-a778-0c64222fac5e",
              "title": "Mint Asset with 22 properties",
              "fullFile": "/home/aditimahesh/Documents/Work/Persistence/go/src/github.com/persistenceOne/assetMantle/mocha/test/tests.js",
              "file": "/test/tests.js",
              "beforeHooks": [
                {
                  "title": "\"before each\" hook",
                  "fullTitle": "Assets Mint Asset with 22 properties \"before each\" hook",
                  "timedOut": false,
                  "duration": 4004,
                  "state": null,
                  "speed": null,
                  "pass": false,
                  "fail": false,
                  "pending": false,
                  "context": null,
                  "code": "this.timeout(5000)\nsetTimeout(function () {\n    done()\n}, 4000)",
                  "err": {},
                  "uuid": "0488b5bb-08b5-4373-92e2-eca1be7e5417",
                  "parentUUID": "945da7a5-2301-40d1-a778-0c64222fac5e",
                  "isHook": true,
                  "skipped": false
                }
              ],
              "afterHooks": [],
              "tests": [
                {
                  "title": "Define Asset: ",
                  "fullTitle": "Assets Mint Asset with 22 properties Define Asset: ",
                  "timedOut": false,
                  "duration": 1052,
                  "state": "passed",
                  "speed": "slow",
                  "pass": true,
                  "fail": false,
                  "pending": false,
                  "context": null,
                  "code": "let identityID = await identity.queryIdentity(\"immutableMetaTraits1\")\n            let obj = {\n                \"type\": config.defineAssetType,\n                \"value\": {\n                    \"baseReq\": {\n                        \"from\": config.testAccountAddress,\n                        \"chain_id\": config.chain_id\n                    },\n                    \"fromID\": identityID,\n                    \"mutableTraits\": \"ASSETP1:S|A,ASSETP11:S|B,ASSETP12:S|C,ASSETP13:S|D,ASSETP14:S|E,burn:H|2\",\n                    \"immutableTraits\": \"ASSETP2:S|G,ASSETP21:S|H,ASSETP22:S|I,ASSETP23:S|J,ASSETP24:S|K\",\n                    \"mutableMetaTraits\": \"ASSETP3:S|L,ASSETP31:S|M,ASSETP32:S|N,ASSETP33:S|O,ASSETP34:S|P\",\n                    \"immutableMetaTraits\": \"ASSETP4:S|Q,ASSETP41:S|R,ASSETP42:S|S,ASSETP43:S|T,ASSETP44:S|U,ASSETP45:S|V\"\n                }\n            }\n            let err, res = await chai.request(server)\n                .post(config.defineAssetPath)\n                .send(obj)\n            res.should.have.status(200);\n            res.body.should.be.a('object');\n            expect(res.body.txhash).to.not.equal(null)\n            expect(res.body.txhash).to.not.equal('')\n            expect(res.body.raw_log).to.not.contain('failed')\n            expect(res.body.raw_log).to.not.contain('error')",
                  "err": {},
                  "uuid": "7bab9de5-5ce9-4d78-8ed2-6599c4b8288e",
                  "parentUUID": "945da7a5-2301-40d1-a778-0c64222fac5e",
                  "isHook": false,
                  "skipped": false
                },
                {
                  "title": "Mint Asset: ",
                  "fullTitle": "Assets Mint Asset with 22 properties Mint Asset: ",
                  "timedOut": false,
                  "duration": 1065,
                  "state": "passed",
                  "speed": "slow",
                  "pass": true,
                  "fail": false,
                  "pending": false,
                  "context": null,
                  "code": "let identityID = await identity.queryIdentity(\"immutableMetaTraits1\")\n            let clsID = await cls.queryClassification(\"ASSETP4\")\n            let obj = {\n                \"type\": config.mintAssetType,\n                \"value\": {\n                    \"baseReq\": {\n                        \"from\": config.testAccountAddress,\n                        \"chain_id\": config.chain_id\n                    },\n                    \"toID\": identityID,\n                    \"fromID\": identityID,\n                    \"classificationID\": clsID,\n                    \"mutableProperties\": \"ASSETP1:S|A,ASSETP11:S|B,ASSETP12:S|C,ASSETP13:S|D,ASSETP14:S|E,burn:H|1\",\n                    \"immutableProperties\": \"ASSETP2:S|G,ASSETP21:S|H,ASSETP22:S|I,ASSETP23:S|J,ASSETP24:S|K\",\n                    \"mutableMetaProperties\": \"ASSETP3:S|L,ASSETP31:S|M,ASSETP32:S|N,ASSETP33:S|O,ASSETP34:S|P\",\n                    \"immutableMetaProperties\": \"ASSETP4:S|Q,ASSETP41:S|R,ASSETP42:S|S,ASSETP43:S|T,ASSETP44:S|U,ASSETP45:S|V\"\n                }\n            }\n            let err, res = await chai.request(server)\n                .post(config.mintAssetPath)\n                .send(obj)\n            res.should.have.status(200);\n            res.body.should.be.a('object');\n            expect(res.body.txhash).to.not.equal(null)\n            expect(res.body.txhash).to.not.equal('')\n            expect(res.body.raw_log).to.not.contain('failed')\n            expect(res.body.raw_log).to.not.contain('error')",
                  "err": {},
                  "uuid": "cb60c138-6bb2-41ec-8afc-8318a41b52e1",
                  "parentUUID": "945da7a5-2301-40d1-a778-0c64222fac5e",
                  "isHook": false,
                  "skipped": false
                }
              ],
              "suites": [],
              "passes": [
                "7bab9de5-5ce9-4d78-8ed2-6599c4b8288e",
                "cb60c138-6bb2-41ec-8afc-8318a41b52e1"
              ],
              "failures": [],
              "pending": [],
              "skipped": [],
              "duration": 2117,
              "root": false,
              "rootEmpty": false,
              "_timeout": 2000
            },
            {
              "uuid": "fac60ad2-0c94-4485-8424-296e982e10fe",
              "title": "Add asset properties on mutation",
              "fullFile": "/home/aditimahesh/Documents/Work/Persistence/go/src/github.com/persistenceOne/assetMantle/mocha/test/tests.js",
              "file": "/test/tests.js",
              "beforeHooks": [
                {
                  "title": "\"before each\" hook",
                  "fullTitle": "Assets Add asset properties on mutation \"before each\" hook",
                  "timedOut": false,
                  "duration": 4004,
                  "state": null,
                  "speed": null,
                  "pass": false,
                  "fail": false,
                  "pending": false,
                  "context": null,
                  "code": "this.timeout(5000)\nsetTimeout(function () {\n    done()\n}, 4000)",
                  "err": {},
                  "uuid": "05c90a0b-1d44-43e0-88c1-edabf0116e17",
                  "parentUUID": "fac60ad2-0c94-4485-8424-296e982e10fe",
                  "isHook": true,
                  "skipped": false
                }
              ],
              "afterHooks": [],
              "tests": [
                {
                  "title": "Define Asset: ",
                  "fullTitle": "Assets Add asset properties on mutation Define Asset: ",
                  "timedOut": false,
                  "duration": 1046,
                  "state": "passed",
                  "speed": "slow",
                  "pass": true,
                  "fail": false,
                  "pending": false,
                  "context": null,
                  "code": "let identityID = await identity.queryIdentity(\"immutableMetaTraits1\")\n            let obj = {\n                \"type\": config.defineAssetType,\n                \"value\": {\n                    \"baseReq\": {\n                        \"from\": config.testAccountAddress,\n                        \"chain_id\": config.chain_id\n                    },\n                    \"fromID\": identityID,\n                    \"mutableTraits\": \"ASSET_A5:S|, burn:H|1\",\n                    \"immutableTraits\": \"ASSET_A6:S|\",\n                    \"mutableMetaTraits\": \"ASSET_A7:S|\",\n                    \"immutableMetaTraits\": \"ASSET_A8:S|\"\n                }\n            }\n            let err, res = await chai.request(server)\n                .post(config.defineAssetPath)\n                .send(obj)\n            res.should.have.status(200);\n            res.body.should.be.a('object');\n            expect(res.body.txhash).to.not.equal(null)\n            expect(res.body.txhash).to.not.equal('')\n            expect(res.body.raw_log).to.not.contain('failed')\n            expect(res.body.raw_log).to.not.contain('error')",
                  "err": {},
                  "uuid": "14eaa4e4-00d9-4425-bc16-b853c6fb4b7d",
                  "parentUUID": "fac60ad2-0c94-4485-8424-296e982e10fe",
                  "isHook": false,
                  "skipped": false
                },
                {
                  "title": "Mint Asset: ",
                  "fullTitle": "Assets Add asset properties on mutation Mint Asset: ",
                  "timedOut": false,
                  "duration": 1050,
                  "state": "passed",
                  "speed": "slow",
                  "pass": true,
                  "fail": false,
                  "pending": false,
                  "context": null,
                  "code": "let identityID = await identity.queryIdentity(\"immutableMetaTraits1\")\n            let clsID = await cls.queryClassification(\"ASSET_A8\")\n            let obj = {\n                \"type\": config.mintAssetType,\n                \"value\": {\n                    \"baseReq\": {\n                        \"from\": config.testAccountAddress,\n                        \"chain_id\": config.chain_id\n                    },\n                    \"toID\": identityID,\n                    \"fromID\": identityID,\n                    \"classificationID\": clsID,\n                    \"mutableProperties\": \"ASSET_A5:S|A, burn:H|1\",\n                    \"immutableProperties\": \"ASSET_A6:S|B\",\n                    \"mutableMetaProperties\": \"ASSET_A7:S|C\",\n                    \"immutableMetaProperties\": \"ASSET_A8:S|D\"\n                }\n            }\n            let err, res = await chai.request(server)\n                .post(config.mintAssetPath)\n                .send(obj)\n            res.should.have.status(200);\n            res.body.should.be.a('object');\n            expect(res.body.txhash).to.not.equal(null)\n            expect(res.body.txhash).to.not.equal('')\n            expect(res.body.raw_log).to.not.contain('failed')\n            expect(res.body.raw_log).to.not.contain('error')",
[...]
                  "err": {},
                  "uuid": "b358cd96-679c-4017-992c-498bcaf35833",
                  "parentUUID": "30a85408-e643-4887-9de9-6126e3158844",
                  "isHook": false,
                  "skipped": false
                },
                {
                  "title": "Asset Make Order: ",
                  "fullTitle": "Orders Create an order with correct takerID Asset Make Order: ",
                  "timedOut": false,
                  "duration": 1060,
                  "state": "passed",
                  "speed": "slow",
                  "pass": true,
                  "fail": false,
                  "pending": false,
                  "context": null,
                  "code": "let identityID = await identity.queryIdentity(\"immutableMetaTraits1\")\n            let identityID1 = await identity.queryIdentity(\"immutableMetaTraits2\")\n            let clsID = await cls.queryClassification(\"Name2\")\n            let assetID = await assets.queryAsset(\"A_PPP4\")\n            let obj = {\n                \"type\": config.makeOrderType,\n                \"value\": {\n                    \"baseReq\": {\n                        \"from\": config.testAccountAddress,\n                        \"chain_id\": config.chain_id\n                    },\n                    \"fromID\": identityID,\n                    \"classificationID\": clsID,\n                    \"makerOwnableID\": assetID,\n                    \"takerOwnableID\":identityID1,\n                    \"expiresIn\":\"100000\",\n                    \"makerOwnableSplit\":\"0.000000000000000001\",\n                    \"immutableMetaProperties\": \"Name2:S|Board,Gifts2:S|Exchange,OrderID2:S|12345\",\n                    \"immutableProperties\": \"Which Gifts2:S|Christmas Gift,What Gifts2:S|kitty\",\n                    \"mutableMetaProperties\": \"exchangeRate:D|1,makerSplit:D|0.000000000000000001\",\n                    \"mutableProperties\": \"descriptions2:S|awesomekitty\"\n                }\n            }\n            let err, res = await chai.request(server)\n                .post(config.makeOrderPath)\n                .send(obj)\n            res.should.have.status(200);\n            res.body.should.be.a('object');\n            expect(res.body.txhash).to.not.equal(null)\n            expect(res.body.txhash).to.not.equal('')\n            expect(res.body.raw_log).to.not.contain('failed')\n            expect(res.body.raw_log).to.not.contain('error')",
                  "err": {},
                  "uuid": "02e06995-df6c-4492-81e6-eaba032ab8bd",
                  "parentUUID": "30a85408-e643-4887-9de9-6126e3158844",
                  "isHook": false,
                  "skipped": false
                },
                {
                  "title": "Take Order with Incorrect ID: ",
                  "fullTitle": "Orders Create an order with correct takerID Take Order with Incorrect ID: ",
                  "timedOut": false,
                  "duration": 1062,
                  "state": "passed",
                  "speed": "slow",
                  "pass": true,
                  "fail": false,
                  "pending": false,
                  "context": null,
                  "code": "let identityID1 = await identity.queryIdentity(\"immutableMetaTraits3\")\n            let orderID = await orders.queryOrder(\"Name2\")\n            let obj = {\n                \"type\": config.takeOrderType,\n                \"value\": {\n                    \"baseReq\": {\n                        \"from\": config.testAccountAddress,\n                        \"chain_id\": config.chain_id\n                    },\n                    \"fromID\": identityID1,\n                    \"takerOwnableSplit\": config.makerownablesplit,\n                    \"orderID\": orderID\n                }\n            }\n            let err, res = await chai.request(server)\n                .post(config.takeOrderPath)\n                .send(obj)\n            res.should.have.status(200);\n            res.body.should.be.a('object');\n            expect(res.body.txhash).to.not.equal(null)\n            expect(res.body.txhash).to.not.equal('')\n            expect(res.body.raw_log).to.contain('failed')",
                  "err": {},
                  "uuid": "9d1867d3-aced-4d19-a035-dda43b76ecc6",
                  "parentUUID": "30a85408-e643-4887-9de9-6126e3158844",
                  "isHook": false,
                  "skipped": false
                },
                {
                  "title": "Take Order with correct ID: ",
                  "fullTitle": "Orders Create an order with correct takerID Take Order with correct ID: ",
                  "timedOut": false,
                  "duration": 1071,
                  "state": "passed",
                  "speed": "slow",
                  "pass": true,
                  "fail": false,
                  "pending": false,
                  "context": null,
                  "code": "let identityID1 = await identity.queryIdentity(\"immutableMetaTraits2\")\n            let orderID = await orders.queryOrder(\"Name2\")\n            let obj = {\n                \"type\": config.takeOrderType,\n                \"value\": {\n                    \"baseReq\": {\n                        \"from\": config.testAccountAddress,\n                        \"chain_id\": config.chain_id\n                    },\n                    \"fromID\": identityID1,\n                    \"takerOwnableSplit\": config.makerownablesplit,\n                    \"orderID\": orderID\n                }\n            }\n            let err, res = await chai.request(server)\n                .post(config.takeOrderPath)\n                .send(obj)\n            res.should.have.status(200);\n            res.body.should.be.a('object');\n            expect(res.body.txhash).to.not.equal(null)\n            expect(res.body.txhash).to.not.equal('')\n            expect(res.body.raw_log).to.contain('failed')",
                  "err": {},
                  "uuid": "9536de72-8c1a-4b62-b3e7-7f340843eade",
                  "parentUUID": "30a85408-e643-4887-9de9-6126e3158844",
                  "isHook": false,
                  "skipped": false
                }
              ],
              "suites": [],
              "passes": [
                "a02fb054-1011-4c49-9325-d9536c1ee183",
                "57b76a02-10af-4aa6-aa3f-0ee9f96bb4cd",
                "b358cd96-679c-4017-992c-498bcaf35833",
                "02e06995-df6c-4492-81e6-eaba032ab8bd",
                "9d1867d3-aced-4d19-a035-dda43b76ecc6",
                "9536de72-8c1a-4b62-b3e7-7f340843eade"
              ],
              "failures": [],
              "pending": [],
              "skipped": [],
              "duration": 6372,
              "root": false,
              "rootEmpty": false,
              "_timeout": 2000
            },
            {
              "uuid": "8ee94c91-cce4-452d-b375-4e866a55dd65",
              "title": "Sell assets with splits, where taker gives more splits than he is supposed to",
              "fullFile": "/home/aditimahesh/Documents/Work/Persistence/go/src/github.com/persistenceOne/assetMantle/mocha/test/tests.js",
              "file": "/test/tests.js",
              "beforeHooks": [
                {
                  "title": "\"before each\" hook",
                  "fullTitle": "Orders Sell assets with splits, where taker gives more splits than he is supposed to \"before each\" hook",
                  "timedOut": false,
                  "duration": 4003,
                  "state": null,
                  "speed": null,
                  "pass": false,
                  "fail": false,
                  "pending": false,
                  "context": null,
                  "code": "this.timeout(5000)\nsetTimeout(function () {\n    done()\n}, 4000)",
                  "err": {},
                  "uuid": "ce563aad-5cf1-4392-af47-450ebd552b3e",
                  "parentUUID": "8ee94c91-cce4-452d-b375-4e866a55dd65",
                  "isHook": true,
                  "skipped": false
                }
              ],
              "afterHooks": [],
              "tests": [
                {
                  "title": "Define Asset: ",
                  "fullTitle": "Orders Sell assets with splits, where taker gives more splits than he is supposed to Define Asset: ",
                  "timedOut": false,
                  "duration": 1068,
                  "state": "passed",
                  "speed": "slow",
                  "pass": true,
                  "fail": false,
                  "pending": false,
                  "context": null,
                  "code": "let identityID = await identity.queryIdentity(\"immutableMetaTraits1\")\n            let obj = {\n                \"type\": config.defineAssetType,\n                \"value\": {\n                    \"baseReq\": {\n                        \"from\": config.testAccountAddress,\n                        \"chain_id\": config.chain_id\n                    },\n                    \"fromID\": identityID,\n                    \"mutableTraits\": \"ASSETS10:S|num1\" + \",burn:H|1\",\n                    \"immutableTraits\": \"ASSETS11:S|\",\n                    \"mutableMetaTraits\": \"ASSETS12:S|num3\",\n                    \"immutableMetaTraits\": \"ASSETS13:S|num4\"\n                }\n            }\n            let err, res = await chai.request(server)\n                .post(config.defineAssetPath)\n                .send(obj)\n            res.should.have.status(200);\n            res.body.should.be.a('object');\n            expect(res.body.txhash).to.not.equal(null)\n            expect(res.body.txhash).to.not.equal('')\n            expect(res.body.txhash).to.not.equal('')\n            expect(res.body.raw_log).to.not.contain('failed')\n            expect(res.body.raw_log).to.not.contain('error')",
                  "err": {},
                  "uuid": "a2527453-b22c-4f90-9c6c-3a95b6db76f6",
                  "parentUUID": "8ee94c91-cce4-452d-b375-4e866a55dd65",
                  "isHook": false,
                  "skipped": false
                },
                {
                  "title": "Mint Asset: ",
                  "fullTitle": "Orders Sell assets with splits, where taker gives more splits than he is supposed to Mint Asset: ",
                  "timedOut": false,
                  "duration": 1057,
                  "state": "passed",
                  "speed": "slow",
                  "pass": true,
                  "fail": false,
                  "pending": false,
                  "context": null,
                  "code": "let identityID = await identity.queryIdentity(\"immutableMetaTraits1\")\n            let clsID = await cls.queryClassification(\"ASSETS13\")\n            let obj = {\n                \"type\": config.mintAssetType,\n                \"value\": {\n                    \"baseReq\": {\n                        \"from\": config.testAccountAddress,\n                        \"chain_id\": config.chain_id\n                    },\n                    \"toID\": identityID,\n                    \"fromID\": identityID,\n                    \"classificationID\": clsID,\n                    \"mutableProperties\": \"ASSETS10:S|num1\" + \",burn:H|1\",\n                    \"immutableProperties\": \"ASSETS11:S|abc\",\n                    \"mutableMetaProperties\": \"ASSETS12:S|num3\",\n                    \"immutableMetaProperties\": \"ASSETS13:S|num4\"\n                }\n            }\n            let err, res = await chai.request(server)\n                .post(config.mintAssetPath)\n                .send(obj)\n            res.should.have.status(200);\n            res.body.should.be.a('object');\n            expect(res.body.txhash).to.not.equal(null)\n            expect(res.body.txhash).to.not.equal('')\n            expect(res.body.txhash).to.not.equal('')\n            expect(res.body.raw_log).to.not.contain('failed')\n            expect(res.body.raw_log).to.not.contain('error')",
                  "err": {},
                  "uuid": "05691a2c-efd6-4d46-bd03-a28a2ed88abb",
                  "parentUUID": "8ee94c91-cce4-452d-b375-4e866a55dd65",
                  "isHook": false,
                  "skipped": false
                },
                {
                  "title": "Define Order: ",
                  "fullTitle": "Orders Sell assets with splits, where taker gives more splits than he is supposed to Define Order: ",
                  "timedOut": false,
                  "duration": 1050,
                  "state": "passed",
                  "speed": "slow",
                  "pass": true,
                  "fail": false,
                  "pending": false,
                  "context": null,
                  "code": "let identityID = await identity.queryIdentity(\"immutableMetaTraits1\")\n            let obj = {\n                \"type\": config.defineOrderType,\n                \"value\": {\n                    \"baseReq\": {\n                        \"from\": config.testAccountAddress,\n                        \"chain_id\": config.chain_id\n                    },\n                    \"fromID\": identityID,\n                    \"immutableMetaTraits\": \"Name3:S|,Gifts3:S|Exchange,OrderID3:S|\",\n                    \"immutableTraits\": \"Which Gifts3:S|,What Gifts3:S|\",\n                    \"mutableMetaTraits\": \"exchangeRate:D|1,makerOwnableSplit:D|0.000000000000000001,expiry:H|1000000,takerID:I|ID,makerSplit:D|0.000000000000000001\",\n                    \"mutableTraits\": \"descriptions3:S|\"\n                }\n            }\n            let err, res = await chai.request(server)\n                .post(config.defineOrderPath)\n                .send(obj)\n            res.should.have.status(200);\n            res.body.should.be.a('object');\n            expect(res.body.txhash).to.not.equal(null)\n            expect(res.body.txhash).to.not.equal('')\n            expect(res.body.raw_log).to.not.contain('failed')\n            expect(res.body.raw_log).to.not.contain('error')",
                  "err": {},
                  "uuid": "51b45095-cc8a-49be-a3c9-98b9bf86d5b2",
                  "parentUUID": "8ee94c91-cce4-452d-b375-4e866a55dd65",
                  "isHook": false,
                  "skipped": false
                },
                {
                  "title": "Make Order: ",
                  "fullTitle": "Orders Sell assets with splits, where taker gives more splits than he is supposed to Make Order: ",
                  "timedOut": false,
                  "duration": 1068,
                  "state": "passed",
                  "speed": "slow",
                  "pass": true,
                  "fail": false,
                  "pending": false,
                  "context": null,
                  "code": "let identityID = await identity.queryIdentity(\"immutableMetaTraits1\")\n            let clsID = await cls.queryClassification(\"Name3\")\n            let obj = {\n                \"type\": config.makeOrderType,\n                \"value\": {\n                    \"baseReq\": {\n                        \"from\": config.testAccountAddress,\n                        \"chain_id\": config.chain_id\n                    },\n                    \"fromID\": identityID,\n                    \"classificationID\": clsID,\n                    \"makerOwnableID\": \"stake\",\n                    \"takerOwnableID\":\"stake\",\n                    \"expiresIn\":\"100000\",\n                    \"makerOwnableSplit\":\"100\",\n                    \"immutableMetaProperties\": \"Name3:S|Board,Gifts3:S|Exchange,OrderID3:S|12345\",\n                    \"immutableProperties\": \"Which Gifts3:S|Christmas Gift,What Gifts3:S|kitty\",\n                    \"mutableMetaProperties\": \"exchangeRate:D|1,makerSplit:D|0.000000000000000001\",\n                    \"mutableProperties\": \"descriptions3:S|awesomekitty\"\n                }\n            }\n            let err, res = await chai.request(server)\n                .post(config.makeOrderPath)\n                .send(obj)\n            res.should.have.status(200);\n            res.body.should.be.a('object');\n            expect(res.body.txhash).to.not.equal(null)\n            expect(res.body.txhash).to.not.equal('')\n            expect(res.body.raw_log).to.not.contain('failed')\n            expect(res.body.raw_log).to.not.contain('error')",
                  "err": {},
                  "uuid": "84572e81-5725-4f5e-845c-3d97f84908ae",
                  "parentUUID": "8ee94c91-cce4-452d-b375-4e866a55dd65",
                  "isHook": false,
                  "skipped": false
                },
                {
                  "title": "Take Order: ",
                  "fullTitle": "Orders Sell assets with splits, where taker gives more splits than he is supposed to Take Order: ",
                  "timedOut": false,
                  "duration": 1067,
                  "state": "passed",
                  "speed": "slow",
                  "pass": true,
                  "fail": false,
                  "pending": false,
                  "context": null,
                  "code": "let identityID = await identity.queryIdentity(\"immutableMetaTraits1\")\n            let orderID = await orders.queryOrder(\"Name3\")\n            let obj = {\n                \"type\": config.takeOrderType,\n                \"value\": {\n                    \"baseReq\": {\n                        \"from\": config.testAccountAddress,\n                        \"chain_id\": config.chain_id\n                    },\n                    \"fromID\": identityID,\n                    \"takerOwnableSplit\": \"200\",\n                    \"orderID\": orderID\n                }\n            }\n            let err, res = await chai.request(server)\n                .post(config.takeOrderPath)\n                .send(obj)\n            res.should.have.status(200);\n            res.body.should.be.a('object');\n            expect(res.body.txhash).to.not.equal(null)\n            expect(res.body.txhash).to.not.equal('')\n            expect(res.body.raw_log).to.not.contain('failed')\n            expect(res.body.raw_log).to.not.contain('error')",
                  "err": {},
                  "uuid": "e1f005b4-0725-4d09-90a9-aab92f5fa5c8",
                  "parentUUID": "8ee94c91-cce4-452d-b375-4e866a55dd65",
                  "isHook": false,
                  "skipped": false
                }
              ],
              "suites": [],
              "passes": [
                "a2527453-b22c-4f90-9c6c-3a95b6db76f6",
                "05691a2c-efd6-4d46-bd03-a28a2ed88abb",
                "51b45095-cc8a-49be-a3c9-98b9bf86d5b2",
                "84572e81-5725-4f5e-845c-3d97f84908ae",
                "e1f005b4-0725-4d09-90a9-aab92f5fa5c8"
              ],
              "failures": [],
              "pending": [],
              "skipped": [],
              "duration": 5310,
              "root": false,
              "rootEmpty": false,
              "_timeout": 2000
            }
          ],
          "passes": [],
          "failures": [],
          "pending": [],
          "skipped": [],
          "duration": 0,
          "root": false,
          "rootEmpty": false,
          "_timeout": 2000
        }
      ],
      "passes": [],
      "failures": [],
      "pending": [],
      "skipped": [],
      "duration": 0,
      "root": true,
      "rootEmpty": true,
      "_timeout": 2000
    }
  ],
  "meta": {
    "mocha": {
      "version": "7.2.0"
    },
    "mochawesome": {
      "options": {
        "quiet": false,
        "reportFilename": "mochawesome",
        "saveHtml": true,
        "saveJson": true,
        "consoleReporter": "spec",
        "useInlineDiffs": false,
        "code": true
      },
      "version": "6.1.1"
    },
    "marge": {
      "options": null,
      "version": "5.1.0"
    }
  }
}