{
  "stats": {
    "suites": 44,
    "tests": 90,
    "passes": 90,
    "pending": 0,
    "failures": 0,
    "start": "2020-11-03T11:34:29.967Z",
    "end": "2020-11-03T11:41:55.030Z",
    "duration": 445063,
    "testsRegistered": 90,
    "passPercent": 100,
    "pendingPercent": 0,
    "other": 0,
    "hasOther": false,
    "skipped": 0,
    "hasSkipped": false
  },
  "results": [
    {
      "uuid": "a8d55a46-35f5-48c5-af47-29d4e916caa8",
      "title": "",
      "fullFile": "",
      "file": "",
      "beforeHooks": [],
      "afterHooks": [],
      "tests": [],
      "suites": [
        {
          "uuid": "f745bbb6-691c-47df-adf5-373dc89c6547",
          "title": "Keys",
          "fullFile": "/home/aditimahesh/Documents/Work/Persistence/go/src/github.com/persistenceOne/assetMantle/mocha/test/tests.js",
          "file": "/test/tests.js",
          "beforeHooks": [],
          "afterHooks": [],
          "tests": [],
          "suites": [
            {
              "uuid": "8a983961-2e62-496d-bb6a-76f5ee9504f8",
              "title": "Account Creation, Sign and Broadcast for User1",
              "fullFile": "/home/aditimahesh/Documents/Work/Persistence/go/src/github.com/persistenceOne/assetMantle/mocha/test/tests.js",
              "file": "/test/tests.js",
              "beforeHooks": [
                {
                  "title": "\"before each\" hook",
                  "fullTitle": "Keys Account Creation, Sign and Broadcast for User1 \"before each\" hook",
                  "timedOut": false,
                  "duration": 3001,
                  "state": null,
                  "speed": null,
                  "pass": false,
                  "fail": false,
                  "pending": false,
                  "context": null,
                  "code": "this.timeout(4000)\nsetTimeout(function () {\n    done()\n}, 3000)",
                  "err": {},
                  "uuid": "0c752ba3-fe6f-4a34-98e0-babe19c1ede3",
                  "parentUUID": "8a983961-2e62-496d-bb6a-76f5ee9504f8",
                  "isHook": true,
                  "skipped": false
                }
              ],
              "afterHooks": [],
              "tests": [
                {
                  "title": "it should create an account for: 762ac329b8c632ac60c66809a551b9f3",
                  "fullTitle": "Keys Account Creation, Sign and Broadcast for User1 it should create an account for: 762ac329b8c632ac60c66809a551b9f3",
                  "timedOut": false,
                  "duration": 172,
                  "state": "passed",
                  "speed": "slow",
                  "pass": true,
                  "fail": false,
                  "pending": false,
                  "context": null,
                  "code": "let name = {\n                name: name1\n            }\n            let err, res = await chai.request(server)\n                .post(config.keysAdd)\n                .send(name)\n            res.should.have.status(200);\n            res.body.should.be.a('object');\n            expect(res.body.result.success).to.be.true\n            expect(res.body.result.keyOutput.address).to.not.equal(null)\n            expect(res.body.result.keyOutput.address).to.not.equal('')\n            names1.address = res.body.result.keyOutput.address",
                  "err": {},
                  "uuid": "e71254dd-d7d2-4998-95fb-0585b1ed841c",
                  "parentUUID": "8a983961-2e62-496d-bb6a-76f5ee9504f8",
                  "isHook": false,
                  "skipped": false
                },
                {
                  "title": "762ac329b8c632ac60c66809a551b9f3 should be able to signTx ",
                  "fullTitle": "Keys Account Creation, Sign and Broadcast for User1 762ac329b8c632ac60c66809a551b9f3 should be able to signTx ",
                  "timedOut": false,
                  "duration": 29,
                  "state": "passed",
                  "speed": "fast",
                  "pass": true,
                  "fail": false,
                  "pending": false,
                  "context": null,
                  "code": "let obj = {\n                \"baseReq\": {\n                    \"from\": config.testAccountAddress,\n                    \"chain_id\": config.chain_id\n                },\n                \"type\": \"cosmos-sdk/StdTx\",\n                \"value\": {\n                    \"msg\": [\n                        {\n                            \"type\": \"cosmos-sdk/MsgSend\",\n                            \"value\": {\n                                \"from_address\": config.testAccountAddress,\n                                \"to_address\": names1.address,\n                                \"amount\": [\n                                    {\n                                        \"denom\": \"stake\",\n                                        \"amount\": \"1000\"\n                                    }\n                                ]\n                            }\n                        }\n                    ],\n                    \"fee\": {\n                        \"amount\": [],\n                        \"gas\": \"200000\"\n                    },\n                    \"signatures\": null,\n                    \"memo\": \"\"\n                }\n            }\n            let err, res = await chai.request(server)\n                .post(config.signTx)\n                .send(obj)\n            res.should.have.status(200);\n            res.body.should.be.a('object');\n            expect(res.body.result.success).to.be.true\n            names1.typekey = res.body.result.tx.signatures[0].pub_key.type\n            names1.value = res.body.result.tx.signatures[0].pub_key.value\n            names1.signature = res.body.result.tx.signatures[0].signature",
                  "err": {},
                  "uuid": "4779ae40-bde2-4862-a18b-3f7ee718fe31",
                  "parentUUID": "8a983961-2e62-496d-bb6a-76f5ee9504f8",
                  "isHook": false,
                  "skipped": false
                },
                {
                  "title": "762ac329b8c632ac60c66809a551b9f3 should be able to broadcastTx ",
                  "fullTitle": "Keys Account Creation, Sign and Broadcast for User1 762ac329b8c632ac60c66809a551b9f3 should be able to broadcastTx ",
                  "timedOut": false,
                  "duration": 21,
                  "state": "passed",
                  "speed": "fast",
                  "pass": true,
                  "fail": false,
                  "pending": false,
                  "context": null,
                  "code": "let obj = {\n                \"tx\": {\n                    \"msg\": [\n                        {\n                            \"type\": \"cosmos-sdk/MsgSend\",\n                            \"value\": {\n                                \"from_address\": config.testAccountAddress,\n                                \"to_address\": names1.address,\n                                \"amount\": [\n                                    {\n                                        \"denom\": \"stake\",\n                                        \"amount\": \"1000\"\n                                    }\n                                ]\n                            }\n                        }\n                    ],\n                    \"fee\": {\n                        \"amount\": [],\n                        \"gas\": \"200000\"\n                    },\n                    \"signatures\": [\n                        {\n                            \"pub_key\": {\n                                \"type\": names1.typekey,\n                                \"value\": names1.value\n                            },\n                            \"signature\": names1.signature\n                        }\n                    ],\n                    \"memo\": \"\"\n                },\n                \"mode\": \"sync\"\n            }\n            let err, res = await chai.request(server)\n                .post(config.broadcastTx)\n                .send(obj)\n            res.should.have.status(200);\n            res.body.should.be.a('object');\n            expect(res.body.txhash).to.not.equal(null)\n            expect(res.body.txhash).to.not.equal('')\n            let hash = res.body.txhash\n            err, res = await chai.request(server)\n                .get('/txs/' + hash)",
                  "err": {},
                  "uuid": "37de2959-91e9-4723-ac1d-25708985bcf5",
                  "parentUUID": "8a983961-2e62-496d-bb6a-76f5ee9504f8",
                  "isHook": false,
                  "skipped": false
                }
              ],
              "suites": [],
              "passes": [
                "e71254dd-d7d2-4998-95fb-0585b1ed841c",
                "4779ae40-bde2-4862-a18b-3f7ee718fe31",
                "37de2959-91e9-4723-ac1d-25708985bcf5"
              ],
              "failures": [],
              "pending": [],
              "skipped": [],
              "duration": 222,
              "root": false,
              "rootEmpty": false,
              "_timeout": 2000
            },
            {
              "uuid": "9df869cf-c7ff-4968-8d68-b31a0bd20853",
              "title": "Account Creation, Sign and Broadcast for User2",
              "fullFile": "/home/aditimahesh/Documents/Work/Persistence/go/src/github.com/persistenceOne/assetMantle/mocha/test/tests.js",
              "file": "/test/tests.js",
              "beforeHooks": [
                {
                  "title": "\"before each\" hook",
                  "fullTitle": "Keys Account Creation, Sign and Broadcast for User2 \"before each\" hook",
                  "timedOut": false,
                  "duration": 3002,
                  "state": null,
                  "speed": null,
                  "pass": false,
                  "fail": false,
                  "pending": false,
                  "context": null,
                  "code": "this.timeout(4000)\nsetTimeout(function () {\n    done()\n}, 3000)",
                  "err": {},
                  "uuid": "01f58456-8777-4a3c-aef8-e48330ef37d5",
                  "parentUUID": "9df869cf-c7ff-4968-8d68-b31a0bd20853",
                  "isHook": true,
                  "skipped": false
                }
              ],
              "afterHooks": [],
              "tests": [
                {
                  "title": "it should create an account for: 6d814c9f50f89aec785cb6ae377ede9e",
                  "fullTitle": "Keys Account Creation, Sign and Broadcast for User2 it should create an account for: 6d814c9f50f89aec785cb6ae377ede9e",
                  "timedOut": false,
                  "duration": 204,
                  "state": "passed",
                  "speed": "slow",
                  "pass": true,
                  "fail": false,
                  "pending": false,
                  "context": null,
                  "code": "let name = {\n                name: name2\n            }\n            let err, res = await chai.request('http://localhost:1317')\n                .post(config.keysAdd)\n                .send(name)\n            res.should.have.status(200);\n            res.body.should.be.a('object');\n            expect(res.body.result.success).to.be.true\n            expect(res.body.result.keyOutput.address).to.not.equal(null)\n            expect(res.body.result.keyOutput.address).to.not.equal('')\n            names2.address = res.body.result.keyOutput.address",
                  "err": {},
                  "uuid": "488ed654-3d89-43f3-b083-87356c282f42",
                  "parentUUID": "9df869cf-c7ff-4968-8d68-b31a0bd20853",
                  "isHook": false,
                  "skipped": false
                },
                {
                  "title": "6d814c9f50f89aec785cb6ae377ede9e should be able to signTx ",
                  "fullTitle": "Keys Account Creation, Sign and Broadcast for User2 6d814c9f50f89aec785cb6ae377ede9e should be able to signTx ",
                  "timedOut": false,
                  "duration": 46,
                  "state": "passed",
                  "speed": "medium",
                  "pass": true,
                  "fail": false,
                  "pending": false,
                  "context": null,
                  "code": "let obj = {\n                \"baseReq\": {\n                    \"from\": config.testAccountAddress,\n                    \"chain_id\": config.chain_id\n                },\n                \"type\": \"cosmos-sdk/StdTx\",\n                \"value\": {\n                    \"msg\": [\n                        {\n                            \"type\": \"cosmos-sdk/MsgSend\",\n                            \"value\": {\n                                \"from_address\": config.testAccountAddress,\n                                \"to_address\": names2.address,\n                                \"amount\": [\n                                    {\n                                        \"denom\": \"stake\",\n                                        \"amount\": \"1000\"\n                                    }\n                                ]\n                            }\n                        }\n                    ],\n                    \"fee\": {\n                        \"amount\": [],\n                        \"gas\": \"200000\"\n                    },\n                    \"signatures\": null,\n                    \"memo\": \"\"\n                }\n            }\n            let err, res = await chai.request(server)\n                .post(config.signTx)\n                .send(obj)\n            res.should.have.status(200);\n            res.body.should.be.a('object');\n            expect(res.body.result.success).to.be.true\n            names2.typekey = res.body.result.tx.signatures[0].pub_key.type\n            names2.value = res.body.result.tx.signatures[0].pub_key.value\n            names2.signature = res.body.result.tx.signatures[0].signature",
                  "err": {},
                  "uuid": "4b69a0ab-bcf7-419f-af96-1229f2f5c707",
                  "parentUUID": "9df869cf-c7ff-4968-8d68-b31a0bd20853",
                  "isHook": false,
                  "skipped": false
                },
                {
                  "title": "6d814c9f50f89aec785cb6ae377ede9e should be able to broadcastTx ",
                  "fullTitle": "Keys Account Creation, Sign and Broadcast for User2 6d814c9f50f89aec785cb6ae377ede9e should be able to broadcastTx ",
                  "timedOut": false,
                  "duration": 12,
                  "state": "passed",
                  "speed": "fast",
                  "pass": true,
                  "fail": false,
                  "pending": false,
                  "context": null,
                  "code": "let obj = {\n                \"tx\": {\n                    \"msg\": [\n                        {\n                            \"type\": \"cosmos-sdk/MsgSend\",\n                            \"value\": {\n                                \"from_address\": config.testAccountAddress,\n                                \"to_address\": names2.address,\n                                \"amount\": [\n                                    {\n                                        \"denom\": \"stake\",\n                                        \"amount\": \"1000\"\n                                    }\n                                ]\n                            }\n                        }\n                    ],\n                    \"fee\": {\n                        \"amount\": [],\n                        \"gas\": \"200000\"\n                    },\n                    \"signatures\": [\n                        {\n                            \"pub_key\": {\n                                \"type\": names2.typekey,\n                                \"value\": names2.value\n                            },\n                            \"signature\": names2.signature\n                        }\n                    ],\n                    \"memo\": \"\"\n                },\n                \"mode\": \"sync\"\n            }\n            let err, res = await chai.request(server)\n                .post(config.broadcastTx)\n                .send(obj)\n            res.should.have.status(200);\n            res.body.should.be.a('object');\n            expect(res.body.txhash).to.not.equal(null)\n            expect(res.body.txhash).to.not.equal('')",
                  "err": {},
                  "uuid": "47e229c4-8262-4514-9cb6-86062f86a7d8",
                  "parentUUID": "9df869cf-c7ff-4968-8d68-b31a0bd20853",
                  "isHook": false,
                  "skipped": false
                }
              ],
              "suites": [],
              "passes": [
                "488ed654-3d89-43f3-b083-87356c282f42",
                "4b69a0ab-bcf7-419f-af96-1229f2f5c707",
                "47e229c4-8262-4514-9cb6-86062f86a7d8"
              ],
              "failures": [],
              "pending": [],
              "skipped": [],
              "duration": 262,
              "root": false,
              "rootEmpty": false,
              "_timeout": 2000
            }
          ],
          "passes": [],
          "failures": [],
          "pending": [],
          "skipped": [],
          "duration": 0,
          "root": false,
          "rootEmpty": false,
          "_timeout": 2000
        },
        {
          "uuid": "7939bec9-366f-4d97-93ba-4290b2a05b06",
          "title": "Identity",
          "fullFile": "/home/aditimahesh/Documents/Work/Persistence/go/src/github.com/persistenceOne/assetMantle/mocha/test/tests.js",
          "file": "/test/tests.js",
          "beforeHooks": [],
          "afterHooks": [],
          "tests": [],
          "suites": [
            {
              "uuid": "f9d6a890-d8a6-4823-b3b2-38eebc47e4d4",
              "title": "Nub Tx",
              "fullFile": "/home/aditimahesh/Documents/Work/Persistence/go/src/github.com/persistenceOne/assetMantle/mocha/test/tests.js",
              "file": "/test/tests.js",
              "beforeHooks": [
                {
                  "title": "\"before each\" hook",
                  "fullTitle": "Identity Nub Tx \"before each\" hook",
                  "timedOut": false,
                  "duration": 5005,
                  "state": null,
                  "speed": null,
                  "pass": false,
                  "fail": false,
                  "pending": false,
                  "context": null,
                  "code": "this.timeout(6000)\nsetTimeout(function () {\n    done()\n}, 5000)",
                  "err": {},
                  "uuid": "d8388db9-9af3-4bb3-a9cb-cbaa0a4b5d2b",
                  "parentUUID": "f9d6a890-d8a6-4823-b3b2-38eebc47e4d4",
                  "isHook": true,
                  "skipped": false
                }
              ],
              "afterHooks": [],
              "tests": [
                {
                  "title": "nubTx: ",
                  "fullTitle": "Identity Nub Tx nubTx: ",
                  "timedOut": false,
                  "duration": 1370,
                  "state": "passed",
                  "speed": "slow",
                  "pass": true,
                  "fail": false,
                  "pending": false,
                  "context": null,
                  "code": "let obj = {\n                \"type\": config.nubType,\n                \"value\": {\n                    \"baseReq\": {\n                        \"from\": config.testAccountAddress,\n                        \"chain_id\": config.chain_id\n                    },\n                    \"nubID\": config.nubID\n                }\n            }\n            let err, res = await chai.request(server)\n                .post(config.nubPath)\n                .send(obj)\n            res.should.have.status(200);\n            res.body.should.be.a('object');\n            expect(res.body.txhash).to.not.equal(null)\n            expect(res.body.txhash).to.not.equal('')\n            expect(res.body.raw_log).to.not.contain('failed')\n            expect(res.body.raw_log).to.not.contain('EntityAlreadyExists')",
                  "err": {},
                  "uuid": "dd6c41d4-fe9d-49e8-bc15-869967ccdaf6",
                  "parentUUID": "f9d6a890-d8a6-4823-b3b2-38eebc47e4d4",
                  "isHook": false,
                  "skipped": false
                }
              ],
              "suites": [],
              "passes": [
                "dd6c41d4-fe9d-49e8-bc15-869967ccdaf6"
              ],
              "failures": [],
              "pending": [],
              "skipped": [],
              "duration": 1370,
              "root": false,
              "rootEmpty": false,
              "_timeout": 2000
            },
            {
              "uuid": "29745ce5-a179-472a-8a79-0ad1b151bd6a",
              "title": "Issue Identity 1",
              "fullFile": "/home/aditimahesh/Documents/Work/Persistence/go/src/github.com/persistenceOne/assetMantle/mocha/test/tests.js",
              "file": "/test/tests.js",
              "beforeHooks": [
                {
                  "title": "\"before each\" hook",
                  "fullTitle": "Identity Issue Identity 1 \"before each\" hook",
                  "timedOut": false,
                  "duration": 4003,
                  "state": null,
                  "speed": null,
                  "pass": false,
                  "fail": false,
                  "pending": false,
                  "context": null,
                  "code": "this.timeout(5000)\nsetTimeout(function () {\n    done()\n}, 4000)",
                  "err": {},
                  "uuid": "c8d8a480-0f19-4653-b0ce-a29d2b0a8c0f",
                  "parentUUID": "29745ce5-a179-472a-8a79-0ad1b151bd6a",
                  "isHook": true,
                  "skipped": false
                }
              ],
              "afterHooks": [],
              "tests": [
                {
                  "title": "Define Identity: ",
                  "fullTitle": "Identity Issue Identity 1 Define Identity: ",
                  "timedOut": false,
                  "duration": 1031,
                  "state": "passed",
                  "speed": "slow",
                  "pass": true,
                  "fail": false,
                  "pending": false,
                  "context": null,
                  "code": "let identityID = await identity.queryIdentity(config.nubID)\n            let obj = {\n                \"type\": config.defineIdentityType,\n                \"value\": {\n                    \"baseReq\": {\n                        \"from\": config.testAccountAddress,\n                        \"chain_id\": config.chain_id\n                    },\n                    \"fromID\": identityID,\n                    \"mutableTraits\": \"mutableTraits1:S|num1\",\n                    \"immutableTraits\": \"immutableTraits1:S|\",\n                    \"mutableMetaTraits\": \"mutableMetaTraits1:S|num3\",\n                    \"immutableMetaTraits\": \"immutableMetaTraits1:S|num4\"\n                }\n            }\n            let err, res = await chai.request(server)\n                .post(config.defineIdentityPath)\n                .send(obj)\n            res.should.have.status(200);\n            res.body.should.be.a('object');\n            expect(res.body.txhash).to.not.equal(null)\n            expect(res.body.txhash).to.not.equal('')\n            expect(res.body.raw_log).to.not.contain('failed')\n            expect(res.body.raw_log).to.not.contain('error')",
                  "err": {},
                  "uuid": "adbd198b-7f2c-4ee7-8e11-e5be4f6f58ed",
                  "parentUUID": "29745ce5-a179-472a-8a79-0ad1b151bd6a",
                  "isHook": false,
                  "skipped": false
                },
                {
                  "title": "Issue Identity: ",
                  "fullTitle": "Identity Issue Identity 1 Issue Identity: ",
                  "timedOut": false,
                  "duration": 1073,
                  "state": "passed",
                  "speed": "slow",
                  "pass": true,
                  "fail": false,
                  "pending": false,
                  "context": null,
                  "code": "let identityID = await identity.queryIdentity(config.nubID)\n            let clsID = await cls.queryClassification(\"immutableMetaTraits1\")\n            let obj = {\n                \"type\": config.issuedentityType,\n                \"value\": {\n                    \"baseReq\": {\n                        \"from\": config.testAccountAddress,\n                        \"chain_id\": config.chain_id\n                    },\n                    \"to\": config.testAccountAddress,\n                    \"fromID\": identityID,\n                    \"classificationID\": clsID,\n                    \"mutableProperties\": \"mutableTraits1:S|num1\",\n                    \"immutableProperties\": \"immutableTraits1:S|\",\n                    \"mutableMetaProperties\": \"mutableMetaTraits1:S|num3\",\n                    \"immutableMetaProperties\": \"immutableMetaTraits1:S|num4\"\n                }\n            }\n            let err, res = await chai.request(server)\n                .post(config.issueIdentityPath)\n                .send(obj)\n            res.should.have.status(200);\n            res.body.should.be.a('object');\n            expect(res.body.txhash).to.not.equal(null)\n            expect(res.body.txhash).to.not.equal('')\n            expect(res.body.raw_log).to.not.contain('failed')\n            expect(res.body.raw_log).to.not.contain('error')",
                  "err": {},
                  "uuid": "91e7a937-544c-4c26-9746-8199ca38f29e",
                  "parentUUID": "29745ce5-a179-472a-8a79-0ad1b151bd6a",
                  "isHook": false,
                  "skipped": false
                }
              ],
              "suites": [],
              "passes": [
                "adbd198b-7f2c-4ee7-8e11-e5be4f6f58ed",
                "91e7a937-544c-4c26-9746-8199ca38f29e"
              ],
              "failures": [],
              "pending": [],
              "skipped": [],
              "duration": 2104,
              "root": false,
              "rootEmpty": false,
              "_timeout": 2000
            },
            {
              "uuid": "d01b0f50-aec0-42a3-9fbb-4067abdd64ad",
              "title": "Provision Key",
              "fullFile": "/home/aditimahesh/Documents/Work/Persistence/go/src/github.com/persistenceOne/assetMantle/mocha/test/tests.js",
              "file": "/test/tests.js",
              "beforeHooks": [
                {
                  "title": "\"before each\" hook",
                  "fullTitle": "Identity Provision Key \"before each\" hook",
                  "timedOut": false,
                  "duration": 4004,
                  "state": null,
                  "speed": null,
                  "pass": false,
                  "fail": false,
                  "pending": false,
                  "context": null,
                  "code": "this.timeout(5000)\nsetTimeout(function () {\n    done()\n}, 4000)",
                  "err": {},
                  "uuid": "fbf7bc9a-ecdd-4314-90c5-0ed4cd919d38",
                  "parentUUID": "d01b0f50-aec0-42a3-9fbb-4067abdd64ad",
                  "isHook": true,
                  "skipped": false
                }
              ],
              "afterHooks": [],
              "tests": [
                {
                  "title": "Provision Key: ",
                  "fullTitle": "Identity Provision Key Provision Key: ",
                  "timedOut": false,
                  "duration": 1060,
                  "state": "passed",
                  "speed": "slow",
                  "pass": true,
                  "fail": false,
                  "pending": false,
                  "context": null,
                  "code": "let identityID = await identity.queryIdentity(config.nubID)\n            let obj = {\n                \"type\": config.provisionKeyType,\n                \"value\": {\n                    \"baseReq\": {\n                        \"from\": config.testAccountAddress,\n                        \"chain_id\": config.chain_id\n                    },\n                    \"to\": randomWallet.address,\n                    \"identityID\": identityID\n                }\n            }\n            let err, res = await chai.request(server)\n                .post(config.provisionKeyPath)\n                .send(obj)\n            res.should.have.status(200);\n            res.body.should.be.a('object');\n            expect(res.body.txhash).to.not.equal(null)\n            expect(res.body.txhash).to.not.equal('')\n            expect(res.body.raw_log).to.not.contain('failed')\n            expect(res.body.raw_log).to.not.contain('error')",
                  "err": {},
                  "uuid": "31904134-db4b-403d-8e75-462785aa50b4",
                  "parentUUID": "d01b0f50-aec0-42a3-9fbb-4067abdd64ad",
                  "isHook": false,
                  "skipped": false
                }
              ],
              "suites": [],
              "passes": [
                "31904134-db4b-403d-8e75-462785aa50b4"
              ],
              "failures": [],
              "pending": [],
              "skipped": [],
              "duration": 1060,
              "root": false,
              "rootEmpty": false,
              "_timeout": 2000
            },
            {
              "uuid": "3f854e50-be5c-4d94-8e9f-c2f208ceba93",
              "title": "Unprovision Key",
              "fullFile": "/home/aditimahesh/Documents/Work/Persistence/go/src/github.com/persistenceOne/assetMantle/mocha/test/tests.js",
              "file": "/test/tests.js",
              "beforeHooks": [
                {
                  "title": "\"before each\" hook",
                  "fullTitle": "Identity Unprovision Key \"before each\" hook",
                  "timedOut": false,
                  "duration": 4003,
                  "state": null,
                  "speed": null,
                  "pass": false,
                  "fail": false,
                  "pending": false,
                  "context": null,
                  "code": "this.timeout(5000)\nsetTimeout(function () {\n    done()\n}, 4000)",
                  "err": {},
                  "uuid": "0caa3911-549a-4c67-aa92-5ef79fb56656",
                  "parentUUID": "3f854e50-be5c-4d94-8e9f-c2f208ceba93",
                  "isHook": true,
                  "skipped": false
                }
              ],
              "afterHooks": [],
              "tests": [
                {
                  "title": "Unprovision Key: ",
                  "fullTitle": "Identity Unprovision Key Unprovision Key: ",
                  "timedOut": false,
                  "duration": 1045,
                  "state": "passed",
                  "speed": "slow",
                  "pass": true,
                  "fail": false,
                  "pending": false,
                  "context": null,
                  "code": "let identityID = await identity.queryIdentity(config.nubID)\n            let obj = {\n                \"type\": config.unprovisionKeyType,\n                \"value\": {\n                    \"baseReq\": {\n                        \"from\": config.testAccountAddress,\n                        \"chain_id\": config.chain_id\n                    },\n                    \"to\": randomWallet.address,\n                    \"identityID\": identityID\n                }\n            }\n            let err, res = await chai.request(server)\n                .post(config.unprovisionKeyPath)\n                .send(obj)\n            res.should.have.status(200);\n            res.body.should.be.a('object');\n            expect(res.body.txhash).to.not.equal(null)\n            expect(res.body.txhash).to.not.equal('')\n            expect(res.body.raw_log).to.not.contain('failed')\n            expect(res.body.raw_log).to.not.contain('error')",
                  "err": {},
                  "uuid": "bd2cf48e-845c-4d2f-a3e6-ef91d21ca2f2",
                  "parentUUID": "3f854e50-be5c-4d94-8e9f-c2f208ceba93",
                  "isHook": false,
                  "skipped": false
                }
              ],
              "suites": [],
              "passes": [
                "bd2cf48e-845c-4d2f-a3e6-ef91d21ca2f2"
              ],
              "failures": [],
              "pending": [],
              "skipped": [],
              "duration": 1045,
              "root": false,
              "rootEmpty": false,
              "_timeout": 2000
            },
            {
              "uuid": "01f9a95c-20ae-44e3-9fbe-50fb0e8b2ae3",
              "title": "Provision an unprovision Key",
              "fullFile": "/home/aditimahesh/Documents/Work/Persistence/go/src/github.com/persistenceOne/assetMantle/mocha/test/tests.js",
              "file": "/test/tests.js",
              "beforeHooks": [
                {
                  "title": "\"before each\" hook",
                  "fullTitle": "Identity Provision an unprovision Key \"before each\" hook",
                  "timedOut": false,
                  "duration": 4000,
                  "state": null,
                  "speed": null,
                  "pass": false,
                  "fail": false,
                  "pending": false,
                  "context": null,
                  "code": "this.timeout(5000)\nsetTimeout(function () {\n    done()\n}, 4000)",
                  "err": {},
                  "uuid": "71e87cef-bff4-4e18-bb72-f442f18dbab1",
                  "parentUUID": "01f9a95c-20ae-44e3-9fbe-50fb0e8b2ae3",
                  "isHook": true,
                  "skipped": false
                }
              ],
              "afterHooks": [],
              "tests": [
                {
                  "title": "Provision an unprovision Key: ",
                  "fullTitle": "Identity Provision an unprovision Key Provision an unprovision Key: ",
                  "timedOut": false,
                  "duration": 1063,
                  "state": "passed",
                  "speed": "slow",
                  "pass": true,
                  "fail": false,
                  "pending": false,
                  "context": null,
                  "code": "let identityID = await identity.queryIdentity(config.nubID)\n            let obj = {\n                \"type\": config.provisionKeyType,\n                \"value\": {\n                    \"baseReq\": {\n                        \"from\": config.testAccountAddress,\n                        \"chain_id\": config.chain_id\n                    },\n                    \"to\": randomWallet.address,\n                    \"identityID\": identityID\n                }\n            }\n            let err, res = await chai.request(server)\n                .post(config.provisionKeyPath)\n                .send(obj)\n            res.should.have.status(200);\n            res.body.should.be.a('object');\n            expect(res.body.txhash).to.not.equal(null)\n            expect(res.body.txhash).to.not.equal('')\n            expect(res.body.raw_log).to.contain('DeletionNotAllowed')",
                  "err": {},
                  "uuid": "2bdcd443-d2e2-4402-b9d6-b19531b85775",
                  "parentUUID": "01f9a95c-20ae-44e3-9fbe-50fb0e8b2ae3",
                  "isHook": false,
                  "skipped": false
                }
              ],
              "suites": [],
              "passes": [
                "2bdcd443-d2e2-4402-b9d6-b19531b85775"
              ],
              "failures": [],
              "pending": [],
              "skipped": [],
              "duration": 1063,
              "root": false,
              "rootEmpty": false,
              "_timeout": 2000
            },
            {
              "uuid": "19c69169-ef54-4534-879c-6b3c5198d097",
              "title": "Issue Identity 2",
              "fullFile": "/home/aditimahesh/Documents/Work/Persistence/go/src/github.com/persistenceOne/assetMantle/mocha/test/tests.js",
              "file": "/test/tests.js",
              "beforeHooks": [
                {
                  "title": "\"before each\" hook",
                  "fullTitle": "Identity Issue Identity 2 \"before each\" hook",
                  "timedOut": false,
                  "duration": 4003,
                  "state": null,
                  "speed": null,
                  "pass": false,
                  "fail": false,
                  "pending": false,
                  "context": null,
                  "code": "this.timeout(5000)\nsetTimeout(function () {\n    done()\n}, 4000)",
                  "err": {},
                  "uuid": "44ca42c4-dcb4-4aba-abfd-730ee465269c",
                  "parentUUID": "19c69169-ef54-4534-879c-6b3c5198d097",
                  "isHook": true,
                  "skipped": false
                }
              ],
              "afterHooks": [],
              "tests": [
                {
                  "title": "Define Identity: ",
                  "fullTitle": "Identity Issue Identity 2 Define Identity: ",
                  "timedOut": false,
                  "duration": 1054,
                  "state": "passed",
                  "speed": "slow",
                  "pass": true,
                  "fail": false,
                  "pending": false,
                  "context": null,
                  "code": "let identityID = await identity.queryIdentity(config.nubID)\n            let obj = {\n                \"type\": config.defineIdentityType,\n                \"value\": {\n                    \"baseReq\": {\n                        \"from\": config.testAccountAddress,\n                        \"chain_id\": config.chain_id\n                    },\n                    \"fromID\": identityID,\n                    \"mutableTraits\": \"mutableTraits2:S|num1\",\n                    \"immutableTraits\": \"immutableTraits2:S|\",\n                    \"mutableMetaTraits\": \"mutableMetaTraits2:S|num3\",\n                    \"immutableMetaTraits\": \"immutableMetaTraits2:S|num4\"\n                }\n            }\n            let err, res = await chai.request(server)\n                .post(config.defineIdentityPath)\n                .send(obj)\n            res.should.have.status(200);\n            res.body.should.be.a('object');\n            expect(res.body.txhash).to.not.equal(null)\n            expect(res.body.txhash).to.not.equal('')\n            expect(res.body.raw_log).to.not.contain('failed')\n            expect(res.body.raw_log).to.not.contain('error')",
                  "err": {},
                  "uuid": "c7a880f3-5091-4004-89bd-b86f0be1ed4d",
                  "parentUUID": "19c69169-ef54-4534-879c-6b3c5198d097",
                  "isHook": false,
                  "skipped": false
                },
                {
                  "title": "Issue Identity 2: ",
                  "fullTitle": "Identity Issue Identity 2 Issue Identity 2: ",
                  "timedOut": false,
                  "duration": 1042,
                  "state": "passed",
                  "speed": "slow",
                  "pass": true,
                  "fail": false,
                  "pending": false,
                  "context": null,
                  "code": "let identityID = await identity.queryIdentity(config.nubID)\n            let clsID = await cls.queryClassification(\"immutableMetaTraits2\")\n            let obj = {\n                \"type\": config.issuedentityType,\n                \"value\": {\n                    \"baseReq\": {\n                        \"from\": config.testAccountAddress,\n                        \"chain_id\": config.chain_id\n                    },\n                    \"to\": config.testAccountAddress,\n                    \"fromID\": identityID,\n                    \"classificationID\": clsID,\n                    \"mutableProperties\": \"mutableTraits2:S|num1\",\n                    \"immutableProperties\": \"immutableTraits2:S|\",\n                    \"mutableMetaProperties\": \"mutableMetaTraits2:S|num3\",\n                    \"immutableMetaProperties\": \"immutableMetaTraits2:S|num4\"\n                }\n            }\n            let err, res = await chai.request(server)\n                .post(config.issueIdentityPath)\n                .send(obj)\n            res.should.have.status(200);\n            res.body.should.be.a('object');\n            expect(res.body.txhash).to.not.equal(null)\n            expect(res.body.txhash).to.not.equal('')\n            expect(res.body.raw_log).to.not.contain('failed')\n            expect(res.body.raw_log).to.not.contain('error')",
                  "err": {},
                  "uuid": "cccdade9-75dd-42bc-a9ec-ab19e9c01d31",
                  "parentUUID": "19c69169-ef54-4534-879c-6b3c5198d097",
                  "isHook": false,
                  "skipped": false
                }
              ],
              "suites": [],
              "passes": [
                "c7a880f3-5091-4004-89bd-b86f0be1ed4d",
                "cccdade9-75dd-42bc-a9ec-ab19e9c01d31"
              ],
              "failures": [],
              "pending": [],
              "skipped": [],
              "duration": 2096,
              "root": false,
              "rootEmpty": false,
              "_timeout": 2000
            },
            {
              "uuid": "8dfe7f00-c716-4f60-b9a5-fdb4102f3f1a",
              "title": "Issue Identity 3",
              "fullFile": "/home/aditimahesh/Documents/Work/Persistence/go/src/github.com/persistenceOne/assetMantle/mocha/test/tests.js",
              "file": "/test/tests.js",
              "beforeHooks": [
                {
                  "title": "\"before each\" hook",
                  "fullTitle": "Identity Issue Identity 3 \"before each\" hook",
                  "timedOut": false,
                  "duration": 4005,
                  "state": null,
                  "speed": null,
                  "pass": false,
                  "fail": false,
                  "pending": false,
                  "context": null,
                  "code": "this.timeout(5000)\nsetTimeout(function () {\n    done()\n}, 4000)",
                  "err": {},
                  "uuid": "2fe03ba6-a047-40f9-8007-c92c449a0252",
                  "parentUUID": "8dfe7f00-c716-4f60-b9a5-fdb4102f3f1a",
                  "isHook": true,
                  "skipped": false
                }
              ],
              "afterHooks": [],
              "tests": [
                {
                  "title": "Define Identity: ",
                  "fullTitle": "Identity Issue Identity 3 Define Identity: ",
                  "timedOut": false,
                  "duration": 1052,
                  "state": "passed",
                  "speed": "slow",
                  "pass": true,
                  "fail": false,
                  "pending": false,
                  "context": null,
                  "code": "let identityID = await identity.queryIdentity(config.nubID)\n            let obj = {\n                \"type\": config.defineIdentityType,\n                \"value\": {\n                    \"baseReq\": {\n                        \"from\": config.testAccountAddress,\n                        \"chain_id\": config.chain_id\n                    },\n                    \"fromID\": identityID,\n                    \"mutableTraits\": \"mutableTraits3:S|num1\",\n                    \"immutableTraits\": \"immutableTraits3:S|\",\n                    \"mutableMetaTraits\": \"mutableMetaTraits3:S|num3\",\n                    \"immutableMetaTraits\": \"immutableMetaTraits3:S|num4\"\n                }\n            }\n            let err, res = await chai.request(server)\n                .post(config.defineIdentityPath)\n                .send(obj)\n            res.should.have.status(200);\n            res.body.should.be.a('object');\n            expect(res.body.txhash).to.not.equal(null)\n            expect(res.body.txhash).to.not.equal('')\n            expect(res.body.raw_log).to.not.contain('failed')\n            expect(res.body.raw_log).to.not.contain('error')",
                  "err": {},
                  "uuid": "fef7082f-3e38-4009-9f24-cd84af2cebd5",
                  "parentUUID": "8dfe7f00-c716-4f60-b9a5-fdb4102f3f1a",
                  "isHook": false,
                  "skipped": false
                },
                {
                  "title": "Issue Identity 3: ",
                  "fullTitle": "Identity Issue Identity 3 Issue Identity 3: ",
                  "timedOut": false,
                  "duration": 1050,
                  "state": "passed",
                  "speed": "slow",
                  "pass": true,
                  "fail": false,
                  "pending": false,
                  "context": null,
                  "code": "let identityID = await identity.queryIdentity(config.nubID)\n            let clsID = await cls.queryClassification(\"immutableMetaTraits3\")\n            let obj = {\n                \"type\": config.issuedentityType,\n                \"value\": {\n                    \"baseReq\": {\n                        \"from\": config.testAccountAddress,\n                        \"chain_id\": config.chain_id\n                    },\n                    \"to\": config.testAccountAddress,\n                    \"fromID\": identityID,\n                    \"classificationID\": clsID,\n                    \"mutableProperties\": \"mutableTraits3:S|num1\",\n                    \"immutableProperties\": \"immutableTraits3:S|\",\n                    \"mutableMetaProperties\": \"mutableMetaTraits3:S|num3\",\n                    \"immutableMetaProperties\": \"immutableMetaTraits3:S|num4\"\n                }\n            }\n            let err, res = await chai.request(server)\n                .post(config.issueIdentityPath)\n                .send(obj)\n            res.should.have.status(200);\n            res.body.should.be.a('object');\n            expect(res.body.txhash).to.not.equal(null)\n            expect(res.body.txhash).to.not.equal('')\n            expect(res.body.raw_log).to.not.contain('failed')\n            expect(res.body.raw_log).to.not.contain('error')",
                  "err": {},
                  "uuid": "103ebe6e-73d2-494e-a9bd-374ded6007b8",
                  "parentUUID": "8dfe7f00-c716-4f60-b9a5-fdb4102f3f1a",
                  "isHook": false,
                  "skipped": false
                }
              ],
              "suites": [],
              "passes": [
                "fef7082f-3e38-4009-9f24-cd84af2cebd5",
                "103ebe6e-73d2-494e-a9bd-374ded6007b8"
              ],
              "failures": [],
              "pending": [],
              "skipped": [],
              "duration": 2102,
              "root": false,
              "rootEmpty": false,
              "_timeout": 2000
            }
          ],
          "passes": [],
          "failures": [],
          "pending": [],
          "skipped": [],
          "duration": 0,
          "root": false,
          "rootEmpty": false,
          "_timeout": 2000
        },
        {
          "uuid": "52334b4f-69d2-449f-96bb-90642aa171d9",
          "title": "Assets",
          "fullFile": "/home/aditimahesh/Documents/Work/Persistence/go/src/github.com/persistenceOne/assetMantle/mocha/test/tests.js",
          "file": "/test/tests.js",
          "beforeHooks": [],
          "afterHooks": [],
          "tests": [],
          "suites": [
            {
              "uuid": "f2054225-2b7a-42ac-b043-f81f8d88cd34",
              "title": "Mint Asset",
              "fullFile": "/home/aditimahesh/Documents/Work/Persistence/go/src/github.com/persistenceOne/assetMantle/mocha/test/tests.js",
              "file": "/test/tests.js",
              "beforeHooks": [
                {
                  "title": "\"before each\" hook",
                  "fullTitle": "Assets Mint Asset \"before each\" hook",
                  "timedOut": false,
                  "duration": 4005,
                  "state": null,
                  "speed": null,
                  "pass": false,
                  "fail": false,
                  "pending": false,
                  "context": null,
                  "code": "this.timeout(5000)\nsetTimeout(function () {\n    done()\n}, 4000)",
                  "err": {},
                  "uuid": "1839f525-6917-4cb0-a9d6-9fcc5d594e15",
                  "parentUUID": "f2054225-2b7a-42ac-b043-f81f8d88cd34",
                  "isHook": true,
                  "skipped": false
                }
              ],
              "afterHooks": [],
              "tests": [
                {
                  "title": "Define Asset: ",
                  "fullTitle": "Assets Mint Asset Define Asset: ",
                  "timedOut": false,
                  "duration": 1052,
                  "state": "passed",
                  "speed": "slow",
                  "pass": true,
                  "fail": false,
                  "pending": false,
                  "context": null,
                  "code": "let identityID = await identity.queryIdentity(\"immutableMetaTraits1\")\n            let obj = {\n                \"type\": config.defineAssetType,\n                \"value\": {\n                    \"baseReq\": {\n                        \"from\": config.testAccountAddress,\n                        \"chain_id\": config.chain_id\n                    },\n                    \"fromID\": identityID,\n                    \"mutableTraits\": \"ASSET1:S|\" + \",burn:H|1\",\n                    \"immutableTraits\": \"ASSET2:S|\",\n                    \"mutableMetaTraits\": \"ASSET3:S|\",\n                    \"immutableMetaTraits\": \"ASSET4:S|\"\n                }\n            }\n            let err, res = await chai.request(server)\n                .post(config.defineAssetPath)\n                .send(obj);\n            res.should.have.status(200);\n            res.body.should.be.a('object');\n            expect(res.body.txhash).to.not.equal(null)\n            expect(res.body.txhash).to.not.equal('')\n            expect(res.body.raw_log).to.not.contain('failed')\n            expect(res.body.raw_log).to.not.contain('error')",
                  "err": {},
                  "uuid": "d1cda2c3-23cb-4d8d-9474-ad033e4009bc",
                  "parentUUID": "f2054225-2b7a-42ac-b043-f81f8d88cd34",
                  "isHook": false,
                  "skipped": false
                },
                {
                  "title": "Mint Asset: ",
                  "fullTitle": "Assets Mint Asset Mint Asset: ",
                  "timedOut": false,
                  "duration": 1066,
                  "state": "passed",
                  "speed": "slow",
                  "pass": true,
                  "fail": false,
                  "pending": false,
                  "context": null,
                  "code": "let identityID = await identity.queryIdentity(\"immutableMetaTraits1\")\n            let clsID = await cls.queryClassification(\"ASSET4\")\n            let obj = {\n                \"type\": config.mintAssetType,\n                \"value\": {\n                    \"baseReq\": {\n                        \"from\": config.testAccountAddress,\n                        \"chain_id\": config.chain_id\n                    },\n                    \"toID\": identityID,\n                    \"fromID\": identityID,\n                    \"classificationID\": clsID,\n                    \"mutableProperties\": \"ASSET1:S|num1\" + \",burn:H|1\",\n                    \"immutableProperties\": \"ASSET2:S|num2\",\n                    \"mutableMetaProperties\": \"ASSET3:S|num3\",\n                    \"immutableMetaProperties\": \"ASSET4:S|num4\"\n                }\n            }\n            let err, res = await chai.request(server)\n                .post(config.mintAssetPath)\n                .send(obj)\n            res.should.have.status(200);\n            res.body.should.be.a('object');\n            expect(res.body.txhash).to.not.equal(null)\n            expect(res.body.txhash).to.not.equal('')\n            expect(res.body.raw_log).to.not.contain('failed')\n            expect(res.body.raw_log).to.not.contain('error')",
                  "err": {},
                  "uuid": "c2ccf1a7-d84c-449d-809e-b45b0cbf5eb8",
                  "parentUUID": "f2054225-2b7a-42ac-b043-f81f8d88cd34",
                  "isHook": false,
                  "skipped": false
                }
              ],
              "suites": [],
              "passes": [
                "d1cda2c3-23cb-4d8d-9474-ad033e4009bc",
                "c2ccf1a7-d84c-449d-809e-b45b0cbf5eb8"
              ],
              "failures": [],
              "pending": [],
              "skipped": [],
              "duration": 2118,
              "root": false,
              "rootEmpty": false,
              "_timeout": 2000
            },
            {
              "uuid": "c7be94b7-5fa3-4f3c-907b-4178e7a2d58f",
              "title": "Mutate Asset",
              "fullFile": "/home/aditimahesh/Documents/Work/Persistence/go/src/github.com/persistenceOne/assetMantle/mocha/test/tests.js",
              "file": "/test/tests.js",
              "beforeHooks": [
                {
                  "title": "\"before each\" hook",
                  "fullTitle": "Assets Mutate Asset \"before each\" hook",
                  "timedOut": false,
                  "duration": 4005,
                  "state": null,
                  "speed": null,
                  "pass": false,
                  "fail": false,
                  "pending": false,
                  "context": null,
                  "code": "this.timeout(5000)\nsetTimeout(function () {\n    done()\n}, 4000)",
                  "err": {},
                  "uuid": "3b99d3a0-73ab-4490-b2ff-87102775f7e0",
                  "parentUUID": "c7be94b7-5fa3-4f3c-907b-4178e7a2d58f",
                  "isHook": true,
                  "skipped": false
                }
              ],
              "afterHooks": [],
              "tests": [
                {
                  "title": "Mutate Asset: ",
                  "fullTitle": "Assets Mutate Asset Mutate Asset: ",
                  "timedOut": false,
                  "duration": 1053,
                  "state": "passed",
                  "speed": "slow",
                  "pass": true,
                  "fail": false,
                  "pending": false,
                  "context": null,
                  "code": "let identityID = await identity.queryIdentity(\"immutableMetaTraits1\")\n            let assetID = await assets.queryAsset(\"ASSET4\")\n            let obj = {\n                \"type\": config.mutateAssetType,\n                \"value\": {\n                    \"baseReq\": {\n                        \"from\": config.testAccountAddress,\n                        \"chain_id\": config.chain_id\n                    },\n                    \"fromID\": identityID,\n                    \"assetID\": assetID,\n                    \"mutableProperties\": \"ASSET1:S|\",\n                    \"mutableMetaProperties\": \"ASSET3:S|num3\"\n                }\n            }\n            let err, res = await chai.request(server)\n                .post(config.mutateAssetPath)\n                .send(obj);\n            res.should.have.status(200);\n            res.body.should.be.a('object');\n            expect(res.body.txhash).to.not.equal(null)\n            expect(res.body.txhash).to.not.equal('')\n            expect(res.body.raw_log).to.not.contain('failed')\n            expect(res.body.raw_log).to.not.contain('error')",
                  "err": {},
                  "uuid": "fbe7aff3-03d4-4620-a883-0200fb75f506",
                  "parentUUID": "c7be94b7-5fa3-4f3c-907b-4178e7a2d58f",
                  "isHook": false,
                  "skipped": false
                }
              ],
              "suites": [],
              "passes": [
                "fbe7aff3-03d4-4620-a883-0200fb75f506"
              ],
              "failures": [],
              "pending": [],
              "skipped": [],
              "duration": 1053,
              "root": false,
              "rootEmpty": false,
              "_timeout": 2000
            },
            {
              "uuid": "11cb220e-b663-42f6-a858-5b4eda4a1a06",
              "title": "Mint Asset with meta properties",
              "fullFile": "/home/aditimahesh/Documents/Work/Persistence/go/src/github.com/persistenceOne/assetMantle/mocha/test/tests.js",
              "file": "/test/tests.js",
              "beforeHooks": [
                {
                  "title": "\"before each\" hook",
                  "fullTitle": "Assets Mint Asset with meta properties \"before each\" hook",
                  "timedOut": false,
                  "duration": 4005,
                  "state": null,
                  "speed": null,
                  "pass": false,
                  "fail": false,
                  "pending": false,
                  "context": null,
                  "code": "this.timeout(5000)\nsetTimeout(function () {\n    done()\n}, 4000)",
                  "err": {},
                  "uuid": "963d286b-2570-45a4-9a0b-ed9870ef809c",
                  "parentUUID": "11cb220e-b663-42f6-a858-5b4eda4a1a06",
                  "isHook": true,
                  "skipped": false
                }
              ],
              "afterHooks": [],
              "tests": [
                {
                  "title": "Mint Asset with meta properties: ",
                  "fullTitle": "Assets Mint Asset with meta properties Mint Asset with meta properties: ",
                  "timedOut": false,
                  "duration": 1061,
                  "state": "passed",
                  "speed": "slow",
                  "pass": true,
                  "fail": false,
                  "pending": false,
                  "context": null,
                  "code": "let identityID = await identity.queryIdentity(\"immutableMetaTraits1\")\n            let clsID = await cls.queryClassification(\"ASSET4\")\n            let obj = {\n                \"type\": config.mintAssetType,\n                \"value\": {\n                    \"baseReq\": {\n                        \"from\": config.testAccountAddress,\n                        \"chain_id\": config.chain_id\n                    },\n                    \"toID\": identityID,\n                    \"fromID\": identityID,\n                    \"classificationID\": clsID,\n                    \"mutableProperties\": \"ASSET1:S|num5\" + \",burn:H|1\",\n                    \"immutableProperties\": \"ASSET2:S|num6\",\n                    \"mutableMetaProperties\": \"ASSET3:S|num7\",\n                    \"immutableMetaProperties\": \"ASSET4:S|num8\"\n                }\n            }\n            let err, res = await chai.request(server)\n                .post(config.mintAssetPath)\n                .send(obj);\n            res.should.have.status(200);\n            res.body.should.be.a('object');\n            expect(res.body.txhash).to.not.equal(null)\n            expect(res.body.txhash).to.not.equal('')\n            expect(res.body.raw_log).to.not.contain('failed')\n            expect(res.body.raw_log).to.not.contain('error')",
                  "err": {},
                  "uuid": "cb35d547-81d3-47ea-b052-283b795b2f4a",
                  "parentUUID": "11cb220e-b663-42f6-a858-5b4eda4a1a06",
                  "isHook": false,
                  "skipped": false
                }
              ],
              "suites": [],
              "passes": [
                "cb35d547-81d3-47ea-b052-283b795b2f4a"
              ],
              "failures": [],
              "pending": [],
              "skipped": [],
              "duration": 1061,
              "root": false,
              "rootEmpty": false,
              "_timeout": 2000
            },
            {
              "uuid": "24c4b323-a068-4078-931f-19cdd04140ff",
              "title": "Mutate asset non meta properties to meta properties",
              "fullFile": "/home/aditimahesh/Documents/Work/Persistence/go/src/github.com/persistenceOne/assetMantle/mocha/test/tests.js",
              "file": "/test/tests.js",
              "beforeHooks": [
                {
                  "title": "\"before each\" hook",
                  "fullTitle": "Assets Mutate asset non meta properties to meta properties \"before each\" hook",
                  "timedOut": false,
                  "duration": 4005,
                  "state": null,
                  "speed": null,
                  "pass": false,
                  "fail": false,
                  "pending": false,
                  "context": null,
                  "code": "this.timeout(5000)\nsetTimeout(function () {\n    done()\n}, 4000)",
                  "err": {},
                  "uuid": "94d92ab8-1a9f-4a15-9b52-7ec838b04f7a",
                  "parentUUID": "24c4b323-a068-4078-931f-19cdd04140ff",
                  "isHook": true,
                  "skipped": false
                }
              ],
              "afterHooks": [],
              "tests": [
                {
                  "title": "Define Asset: ",
                  "fullTitle": "Assets Mutate asset non meta properties to meta properties Define Asset: ",
                  "timedOut": false,
                  "duration": 1064,
                  "state": "passed",
                  "speed": "slow",
                  "pass": true,
                  "fail": false,
                  "pending": false,
                  "context": null,
                  "code": "let identityID = await identity.queryIdentity(\"immutableMetaTraits1\")\n            let obj = {\n                \"type\": config.defineAssetType,\n                \"value\": {\n                    \"baseReq\": {\n                        \"from\": config.testAccountAddress,\n                        \"chain_id\": config.chain_id\n                    },\n                    \"fromID\": identityID,\n                    \"mutableTraits\": \"ASSETS1:S|\" + \",burn:H|1\",\n                    \"immutableTraits\": \"ASSETS2:S|\",\n                    \"mutableMetaTraits\": \"ASSETS3:S|\",\n                    \"immutableMetaTraits\": \"ASSETS4:S|\"\n                }\n            }\n            let err, res = await chai.request(server)\n                .post(config.defineAssetPath)\n                .send(obj);\n            res.should.have.status(200);\n            res.body.should.be.a('object');\n            expect(res.body.txhash).to.not.equal(null)\n            expect(res.body.txhash).to.not.equal('')\n            expect(res.body.raw_log).to.not.contain('failed')\n            expect(res.body.raw_log).to.not.contain('error')",
                  "err": {},
                  "uuid": "7971d43f-1387-4f72-9c0e-0dbd24c5f65d",
                  "parentUUID": "24c4b323-a068-4078-931f-19cdd04140ff",
                  "isHook": false,
                  "skipped": false
                },
                {
                  "title": "Mint Asset: ",
                  "fullTitle": "Assets Mutate asset non meta properties to meta properties Mint Asset: ",
                  "timedOut": false,
                  "duration": 1082,
                  "state": "passed",
                  "speed": "slow",
                  "pass": true,
                  "fail": false,
                  "pending": false,
                  "context": null,
                  "code": "let identityID = await identity.queryIdentity(\"immutableMetaTraits1\")\n            let clsID = await cls.queryClassification(\"ASSETS4\")\n            let obj = {\n                \"type\": config.mintAssetType,\n                \"value\": {\n                    \"baseReq\": {\n                        \"from\": config.testAccountAddress,\n                        \"chain_id\": config.chain_id\n                    },\n                    \"toID\": identityID,\n                    \"fromID\": identityID,\n                    \"classificationID\": clsID,\n                    \"mutableProperties\": \"ASSETS1:S|num5\" + \",burn:H|1\",\n                    \"immutableProperties\": \"ASSETS2:S|num6\",\n                    \"mutableMetaProperties\": \"ASSETS3:S|num7\",\n                    \"immutableMetaProperties\": \"ASSETS4:S|num8\"\n                }\n            }\n            let err, res = await chai.request(server)\n                .post(config.mintAssetPath)\n                .send(obj);\n            res.should.have.status(200);\n            res.body.should.be.a('object');\n            expect(res.body.txhash).to.not.equal(null)\n            expect(res.body.txhash).to.not.equal('')\n            expect(res.body.raw_log).to.not.contain('failed')\n            expect(res.body.raw_log).to.not.contain('error')",
                  "err": {},
                  "uuid": "55fd89d3-5c06-480e-a73b-e24f82e0d3a3",
                  "parentUUID": "24c4b323-a068-4078-931f-19cdd04140ff",
                  "isHook": false,
                  "skipped": false
                },
                {
                  "title": "Meta Reveal: ",
                  "fullTitle": "Assets Mutate asset non meta properties to meta properties Meta Reveal: ",
                  "timedOut": false,
                  "duration": 1022,
                  "state": "passed",
                  "speed": "slow",
                  "pass": true,
                  "fail": false,
                  "pending": false,
                  "context": null,
                  "code": "let obj = {\n                \"type\": config.metaRevealType,\n                \"value\": {\n                    \"baseReq\": {\n                        \"from\": config.testAccountAddress,\n                        \"chain_id\": config.chain_id\n                    },\n                    \"metaFact\": \"S|num5\"\n                }\n            }\n            let err, res = await chai.request(server)\n                .post(config.metaRevealPath)\n                .send(obj);\n            expect(res.body.txhash).to.not.equal(null)\n            expect(res.body.txhash).to.not.equal('')\n            expect(res.body.raw_log).to.not.contain('failed')\n            expect(res.body.raw_log).to.not.contain('error')",
                  "err": {},
                  "uuid": "1bf8027a-5d36-431c-bcc4-a2707e5dd5f9",
                  "parentUUID": "24c4b323-a068-4078-931f-19cdd04140ff",
                  "isHook": false,
                  "skipped": false
                },
                {
                  "title": "Mutate Asset non meta properties to meta properties: ",
                  "fullTitle": "Assets Mutate asset non meta properties to meta properties Mutate Asset non meta properties to meta properties: ",
                  "timedOut": false,
                  "duration": 1071,
                  "state": "passed",
                  "speed": "slow",
                  "pass": true,
                  "fail": false,
                  "pending": false,
                  "context": null,
                  "code": "let identityID = await identity.queryIdentity(\"immutableMetaTraits1\")\n            let assetID = await assets.queryAsset(\"ASSETS4\")\n            let obj = {\n                \"type\": config.mutateAssetType,\n                \"value\": {\n                    \"baseReq\": {\n                        \"from\": config.testAccountAddress,\n                        \"chain_id\": config.chain_id\n                    },\n                    \"fromID\": identityID,\n                    \"assetID\": assetID,\n                    \"mutableProperties\": \"ASSETS1:S|\",\n                    \"mutableMetaProperties\": \"ASSETS3:S|num5\"\n                }\n            }\n            let err, res = await chai.request(server)\n                .post(config.mutateAssetPath)\n                .send(obj);\n            res.should.have.status(200);\n            res.body.should.be.a('object');\n            expect(res.body.txhash).to.not.equal(null)\n            expect(res.body.txhash).to.not.equal('')\n            expect(res.body.raw_log).to.not.contain('failed')\n            expect(res.body.raw_log).to.not.contain('error')",
                  "err": {},
                  "uuid": "9e12f404-284c-423f-8ffc-c6fc2f4275b1",
                  "parentUUID": "24c4b323-a068-4078-931f-19cdd04140ff",
                  "isHook": false,
                  "skipped": false
                }
              ],
              "suites": [],
              "passes": [
                "7971d43f-1387-4f72-9c0e-0dbd24c5f65d",
                "55fd89d3-5c06-480e-a73b-e24f82e0d3a3",
                "1bf8027a-5d36-431c-bcc4-a2707e5dd5f9",
                "9e12f404-284c-423f-8ffc-c6fc2f4275b1"
              ],
              "failures": [],
              "pending": [],
              "skipped": [],
              "duration": 4239,
              "root": false,
              "rootEmpty": false,
              "_timeout": 2000
            },
            {
              "uuid": "27254d8f-e6ba-4967-9790-52c9e8b0ff4b",
              "title": "Mint Asset with 22 properties",
              "fullFile": "/home/aditimahesh/Documents/Work/Persistence/go/src/github.com/persistenceOne/assetMantle/mocha/test/tests.js",
              "file": "/test/tests.js",
              "beforeHooks": [
                {
                  "title": "\"before each\" hook",
                  "fullTitle": "Assets Mint Asset with 22 properties \"before each\" hook",
                  "timedOut": false,
                  "duration": 4005,
                  "state": null,
                  "speed": null,
                  "pass": false,
                  "fail": false,
                  "pending": false,
                  "context": null,
                  "code": "this.timeout(5000)\nsetTimeout(function () {\n    done()\n}, 4000)",
                  "err": {},
                  "uuid": "78d31a7f-3497-4990-9da5-81cac809c4bd",
                  "parentUUID": "27254d8f-e6ba-4967-9790-52c9e8b0ff4b",
                  "isHook": true,
                  "skipped": false
                }
              ],
              "afterHooks": [],
              "tests": [
                {
                  "title": "Define Asset: ",
                  "fullTitle": "Assets Mint Asset with 22 properties Define Asset: ",
                  "timedOut": false,
                  "duration": 1057,
                  "state": "passed",
                  "speed": "slow",
                  "pass": true,
                  "fail": false,
                  "pending": false,
                  "context": null,
                  "code": "let identityID = await identity.queryIdentity(\"immutableMetaTraits1\")\n            let obj = {\n                \"type\": config.defineAssetType,\n                \"value\": {\n                    \"baseReq\": {\n                        \"from\": config.testAccountAddress,\n                        \"chain_id\": config.chain_id\n                    },\n                    \"fromID\": identityID,\n                    \"mutableTraits\": \"ASSETP1:S|A,ASSETP11:S|B,ASSETP12:S|C,ASSETP13:S|D,ASSETP14:S|E,burn:H|2\",\n                    \"immutableTraits\": \"ASSETP2:S|G,ASSETP21:S|H,ASSETP22:S|I,ASSETP23:S|J,ASSETP24:S|K\",\n                    \"mutableMetaTraits\": \"ASSETP3:S|L,ASSETP31:S|M,ASSETP32:S|N,ASSETP33:S|O,ASSETP34:S|P\",\n                    \"immutableMetaTraits\": \"ASSETP4:S|Q,ASSETP41:S|R,ASSETP42:S|S,ASSETP43:S|T,ASSETP44:S|U,ASSETP45:S|V\"\n                }\n            }\n            let err, res = await chai.request(server)\n                .post(config.defineAssetPath)\n                .send(obj)\n            res.should.have.status(200);\n            res.body.should.be.a('object');\n            expect(res.body.txhash).to.not.equal(null)\n            expect(res.body.txhash).to.not.equal('')\n            expect(res.body.raw_log).to.not.contain('failed')\n            expect(res.body.raw_log).to.not.contain('error')",
                  "err": {},
                  "uuid": "85583985-c0b9-422d-b135-2aaff176b799",
                  "parentUUID": "27254d8f-e6ba-4967-9790-52c9e8b0ff4b",
                  "isHook": false,
                  "skipped": false
                },
                {
                  "title": "Mint Asset: ",
                  "fullTitle": "Assets Mint Asset with 22 properties Mint Asset: ",
                  "timedOut": false,
                  "duration": 1060,
                  "state": "passed",
                  "speed": "slow",
                  "pass": true,
                  "fail": false,
                  "pending": false,
                  "context": null,
                  "code": "let identityID = await identity.queryIdentity(\"immutableMetaTraits1\")\n            let clsID = await cls.queryClassification(\"ASSETP4\")\n            let obj = {\n                \"type\": config.mintAssetType,\n                \"value\": {\n                    \"baseReq\": {\n                        \"from\": config.testAccountAddress,\n                        \"chain_id\": config.chain_id\n                    },\n                    \"toID\": identityID,\n                    \"fromID\": identityID,\n                    \"classificationID\": clsID,\n                    \"mutableProperties\": \"ASSETP1:S|A,ASSETP11:S|B,ASSETP12:S|C,ASSETP13:S|D,ASSETP14:S|E,burn:H|1\",\n                    \"immutableProperties\": \"ASSETP2:S|G,ASSETP21:S|H,ASSETP22:S|I,ASSETP23:S|J,ASSETP24:S|K\",\n                    \"mutableMetaProperties\": \"ASSETP3:S|L,ASSETP31:S|M,ASSETP32:S|N,ASSETP33:S|O,ASSETP34:S|P\",\n                    \"immutableMetaProperties\": \"ASSETP4:S|Q,ASSETP41:S|R,ASSETP42:S|S,ASSETP43:S|T,ASSETP44:S|U,ASSETP45:S|V\"\n                }\n            }\n            let err, res = await chai.request(server)\n                .post(config.mintAssetPath)\n                .send(obj)\n            res.should.have.status(200);\n            res.body.should.be.a('object');\n            expect(res.body.txhash).to.not.equal(null)\n            expect(res.body.txhash).to.not.equal('')\n            expect(res.body.raw_log).to.not.contain('failed')\n            expect(res.body.raw_log).to.not.contain('error')",
                  "err": {},
                  "uuid": "d105cc32-b34b-41fc-abc4-0d117473d02d",
                  "parentUUID": "27254d8f-e6ba-4967-9790-52c9e8b0ff4b",
                  "isHook": false,
                  "skipped": false
                }
              ],
              "suites": [],
              "passes": [
                "85583985-c0b9-422d-b135-2aaff176b799",
                "d105cc32-b34b-41fc-abc4-0d117473d02d"
              ],
              "failures": [],
              "pending": [],
              "skipped": [],
              "duration": 2117,
              "root": false,
              "rootEmpty": false,
              "_timeout": 2000
            },
            {
              "uuid": "a2d9db3d-5a66-47b1-853a-1dbffce2fe81",
              "title": "Add asset properties on mutation",
              "fullFile": "/home/aditimahesh/Documents/Work/Persistence/go/src/github.com/persistenceOne/assetMantle/mocha/test/tests.js",
              "file": "/test/tests.js",
              "beforeHooks": [
                {
                  "title": "\"before each\" hook",
                  "fullTitle": "Assets Add asset properties on mutation \"before each\" hook",
                  "timedOut": false,
                  "duration": 4003,
                  "state": null,
                  "speed": null,
                  "pass": false,
                  "fail": false,
                  "pending": false,
                  "context": null,
                  "code": "this.timeout(5000)\nsetTimeout(function () {\n    done()\n}, 4000)",
                  "err": {},
                  "uuid": "763079fa-92db-438b-8a03-3e0d1d620b04",
                  "parentUUID": "a2d9db3d-5a66-47b1-853a-1dbffce2fe81",
                  "isHook": true,
                  "skipped": false
                }
              ],
              "afterHooks": [],
              "tests": [
                {
                  "title": "Define Asset: ",
                  "fullTitle": "Assets Add asset properties on mutation Define Asset: ",
                  "timedOut": false,
                  "duration": 1049,
                  "state": "passed",
                  "speed": "slow",
                  "pass": true,
                  "fail": false,
                  "pending": false,
                  "context": null,
                  "code": "let identityID = await identity.queryIdentity(\"immutableMetaTraits1\")\n            let obj = {\n                \"type\": config.defineAssetType,\n                \"value\": {\n                    \"baseReq\": {\n                        \"from\": config.testAccountAddress,\n                        \"chain_id\": config.chain_id\n                    },\n                    \"fromID\": identityID,\n                    \"mutableTraits\": \"ASSET_A5:S|, burn:H|1\",\n                    \"immutableTraits\": \"ASSET_A6:S|\",\n                    \"mutableMetaTraits\": \"ASSET_A7:S|\",\n                    \"immutableMetaTraits\": \"ASSET_A8:S|\"\n                }\n            }\n            let err, res = await chai.request(server)\n                .post(config.defineAssetPath)\n                .send(obj)\n            res.should.have.status(200);\n            res.body.should.be.a('object');\n            expect(res.body.txhash).to.not.equal(null)\n            expect(res.body.txhash).to.not.equal('')\n            expect(res.body.raw_log).to.not.contain('failed')\n            expect(res.body.raw_log).to.not.contain('error')",
                  "err": {},
                  "uuid": "b704e42a-f707-48bb-a52b-47d82fbb54e2",
                  "parentUUID": "a2d9db3d-5a66-47b1-853a-1dbffce2fe81",
                  "isHook": false,
                  "skipped": false
                },
                {
                  "title": "Mint Asset: ",
                  "fullTitle": "Assets Add asset properties on mutation Mint Asset: ",
                  "timedOut": false,
                  "duration": 1063,
                  "state": "passed",
                  "speed": "slow",
                  "pass": true,
                  "fail": false,
                  "pending": false,
                  "context": null,
                  "code": "let identityID = await identity.queryIdentity(\"immutableMetaTraits1\")\n            let clsID = await cls.queryClassification(\"ASSET_A8\")\n            let obj = {\n                \"type\": config.mintAssetType,\n                \"value\": {\n                    \"baseReq\": {\n                        \"from\": config.testAccountAddress,\n                        \"chain_id\": config.chain_id\n                    },\n                    \"toID\": identityID,\n                    \"fromID\": identityID,\n                    \"classificationID\": clsID,\n                    \"mutableProperties\": \"ASSET_A5:S|A, burn:H|1\",\n                    \"immutableProperties\": \"ASSET_A6:S|B\",\n                    \"mutableMetaProperties\": \"ASSET_A7:S|C\",\n                    \"immutableMetaProperties\": \"ASSET_A8:S|D\"\n                }\n            }\n            let err, res = await chai.request(server)\n                .post(config.mintAssetPath)\n                .send(obj)\n            res.should.have.status(200);\n            res.body.should.be.a('object');\n            expect(res.body.txhash).to.not.equal(null)\n            expect(res.body.txhash).to.not.equal('')\n            expect(res.body.raw_log).to.not.contain('failed')\n            expect(res.body.raw_log).to.not.contain('error')",
[...]
                  "err": {},
                  "uuid": "e8b8db73-eb23-4bef-87cd-95bee52343ef",
                  "parentUUID": "21eed6ca-ee12-4284-9310-110fb06f25e1",
                  "isHook": false,
                  "skipped": false
                },
                {
                  "title": "Asset Make Order: ",
                  "fullTitle": "Orders Create an order with correct takerID Asset Make Order: ",
                  "timedOut": false,
                  "duration": 1074,
                  "state": "passed",
                  "speed": "slow",
                  "pass": true,
                  "fail": false,
                  "pending": false,
                  "context": null,
                  "code": "let identityID = await identity.queryIdentity(\"immutableMetaTraits1\")\n            let identityID1 = await identity.queryIdentity(\"immutableMetaTraits2\")\n            let clsID = await cls.queryClassification(\"Name2\")\n            let assetID = await assets.queryAsset(\"A_PPP4\")\n            let obj = {\n                \"type\": config.makeOrderType,\n                \"value\": {\n                    \"baseReq\": {\n                        \"from\": config.testAccountAddress,\n                        \"chain_id\": config.chain_id\n                    },\n                    \"fromID\": identityID,\n                    \"classificationID\": clsID,\n                    \"makerOwnableID\": assetID,\n                    \"takerOwnableID\":identityID1,\n                    \"expiresIn\":\"100000\",\n                    \"makerOwnableSplit\":\"0.000000000000000001\",\n                    \"immutableMetaProperties\": \"Name2:S|Board,Gifts2:S|Exchange,OrderID2:S|12345\",\n                    \"immutableProperties\": \"Which Gifts2:S|Christmas Gift,What Gifts2:S|kitty\",\n                    \"mutableMetaProperties\": \"exchangeRate:D|1,makerSplit:D|0.000000000000000001\",\n                    \"mutableProperties\": \"descriptions2:S|awesomekitty\"\n                }\n            }\n            let err, res = await chai.request(server)\n                .post(config.makeOrderPath)\n                .send(obj)\n            res.should.have.status(200);\n            res.body.should.be.a('object');\n            expect(res.body.txhash).to.not.equal(null)\n            expect(res.body.txhash).to.not.equal('')\n            expect(res.body.raw_log).to.not.contain('failed')\n            expect(res.body.raw_log).to.not.contain('error')",
                  "err": {},
                  "uuid": "92015d8b-8ed2-491f-88b9-0c97be228ce1",
                  "parentUUID": "21eed6ca-ee12-4284-9310-110fb06f25e1",
                  "isHook": false,
                  "skipped": false
                },
                {
                  "title": "Take Order with Incorrect ID: ",
                  "fullTitle": "Orders Create an order with correct takerID Take Order with Incorrect ID: ",
                  "timedOut": false,
                  "duration": 1055,
                  "state": "passed",
                  "speed": "slow",
                  "pass": true,
                  "fail": false,
                  "pending": false,
                  "context": null,
                  "code": "let identityID1 = await identity.queryIdentity(\"immutableMetaTraits3\")\n            let orderID = await orders.queryOrder(\"Name2\")\n            let obj = {\n                \"type\": config.takeOrderType,\n                \"value\": {\n                    \"baseReq\": {\n                        \"from\": config.testAccountAddress,\n                        \"chain_id\": config.chain_id\n                    },\n                    \"fromID\": identityID1,\n                    \"takerOwnableSplit\": config.makerownablesplit,\n                    \"orderID\": orderID\n                }\n            }\n            let err, res = await chai.request(server)\n                .post(config.takeOrderPath)\n                .send(obj)\n            res.should.have.status(200);\n            res.body.should.be.a('object');\n            expect(res.body.txhash).to.not.equal(null)\n            expect(res.body.txhash).to.not.equal('')\n            expect(res.body.raw_log).to.contain('failed')",
                  "err": {},
                  "uuid": "6b8070e8-e6fd-42a5-8044-7bd8508b103c",
                  "parentUUID": "21eed6ca-ee12-4284-9310-110fb06f25e1",
                  "isHook": false,
                  "skipped": false
                },
                {
                  "title": "Take Order with correct ID: ",
                  "fullTitle": "Orders Create an order with correct takerID Take Order with correct ID: ",
                  "timedOut": false,
                  "duration": 1049,
                  "state": "passed",
                  "speed": "slow",
                  "pass": true,
                  "fail": false,
                  "pending": false,
                  "context": null,
                  "code": "let identityID1 = await identity.queryIdentity(\"immutableMetaTraits2\")\n            let orderID = await orders.queryOrder(\"Name2\")\n            let obj = {\n                \"type\": config.takeOrderType,\n                \"value\": {\n                    \"baseReq\": {\n                        \"from\": config.testAccountAddress,\n                        \"chain_id\": config.chain_id\n                    },\n                    \"fromID\": identityID1,\n                    \"takerOwnableSplit\": config.makerownablesplit,\n                    \"orderID\": orderID\n                }\n            }\n            let err, res = await chai.request(server)\n                .post(config.takeOrderPath)\n                .send(obj)\n            res.should.have.status(200);\n            res.body.should.be.a('object');\n            expect(res.body.txhash).to.not.equal(null)\n            expect(res.body.txhash).to.not.equal('')\n            expect(res.body.raw_log).to.contain('failed')",
                  "err": {},
                  "uuid": "6c934684-03b6-4e3c-a529-a2bdd5b32313",
                  "parentUUID": "21eed6ca-ee12-4284-9310-110fb06f25e1",
                  "isHook": false,
                  "skipped": false
                }
              ],
              "suites": [],
              "passes": [
                "c49de459-f06e-465c-879d-561f7a5f8ee2",
                "499cec16-b6b9-4aaf-8322-879794e6506b",
                "e8b8db73-eb23-4bef-87cd-95bee52343ef",
                "92015d8b-8ed2-491f-88b9-0c97be228ce1",
                "6b8070e8-e6fd-42a5-8044-7bd8508b103c",
                "6c934684-03b6-4e3c-a529-a2bdd5b32313"
              ],
              "failures": [],
              "pending": [],
              "skipped": [],
              "duration": 6352,
              "root": false,
              "rootEmpty": false,
              "_timeout": 2000
            },
            {
              "uuid": "8cc24f1a-b604-472f-b045-47507f7f7281",
              "title": "Sell assets with splits, where taker gives more splits than he is supposed to",
              "fullFile": "/home/aditimahesh/Documents/Work/Persistence/go/src/github.com/persistenceOne/assetMantle/mocha/test/tests.js",
              "file": "/test/tests.js",
              "beforeHooks": [
                {
                  "title": "\"before each\" hook",
                  "fullTitle": "Orders Sell assets with splits, where taker gives more splits than he is supposed to \"before each\" hook",
                  "timedOut": false,
                  "duration": 4004,
                  "state": null,
                  "speed": null,
                  "pass": false,
                  "fail": false,
                  "pending": false,
                  "context": null,
                  "code": "this.timeout(5000)\nsetTimeout(function () {\n    done()\n}, 4000)",
                  "err": {},
                  "uuid": "b953cbec-a54b-44df-9e88-63632ab044cf",
                  "parentUUID": "8cc24f1a-b604-472f-b045-47507f7f7281",
                  "isHook": true,
                  "skipped": false
                }
              ],
              "afterHooks": [],
              "tests": [
                {
                  "title": "Define Asset: ",
                  "fullTitle": "Orders Sell assets with splits, where taker gives more splits than he is supposed to Define Asset: ",
                  "timedOut": false,
                  "duration": 1060,
                  "state": "passed",
                  "speed": "slow",
                  "pass": true,
                  "fail": false,
                  "pending": false,
                  "context": null,
                  "code": "let identityID = await identity.queryIdentity(\"immutableMetaTraits1\")\n            let obj = {\n                \"type\": config.defineAssetType,\n                \"value\": {\n                    \"baseReq\": {\n                        \"from\": config.testAccountAddress,\n                        \"chain_id\": config.chain_id\n                    },\n                    \"fromID\": identityID,\n                    \"mutableTraits\": \"ASSETS10:S|num1\" + \",burn:H|1\",\n                    \"immutableTraits\": \"ASSETS11:S|\",\n                    \"mutableMetaTraits\": \"ASSETS12:S|num3\",\n                    \"immutableMetaTraits\": \"ASSETS13:S|num4\"\n                }\n            }\n            let err, res = await chai.request(server)\n                .post(config.defineAssetPath)\n                .send(obj)\n            res.should.have.status(200);\n            res.body.should.be.a('object');\n            expect(res.body.txhash).to.not.equal(null)\n            expect(res.body.txhash).to.not.equal('')\n            expect(res.body.txhash).to.not.equal('')\n            expect(res.body.raw_log).to.not.contain('failed')\n            expect(res.body.raw_log).to.not.contain('error')",
                  "err": {},
                  "uuid": "6a141686-be3e-4d58-ba8f-ab1df9eeb745",
                  "parentUUID": "8cc24f1a-b604-472f-b045-47507f7f7281",
                  "isHook": false,
                  "skipped": false
                },
                {
                  "title": "Mint Asset: ",
                  "fullTitle": "Orders Sell assets with splits, where taker gives more splits than he is supposed to Mint Asset: ",
                  "timedOut": false,
                  "duration": 1063,
                  "state": "passed",
                  "speed": "slow",
                  "pass": true,
                  "fail": false,
                  "pending": false,
                  "context": null,
                  "code": "let identityID = await identity.queryIdentity(\"immutableMetaTraits1\")\n            let clsID = await cls.queryClassification(\"ASSETS13\")\n            let obj = {\n                \"type\": config.mintAssetType,\n                \"value\": {\n                    \"baseReq\": {\n                        \"from\": config.testAccountAddress,\n                        \"chain_id\": config.chain_id\n                    },\n                    \"toID\": identityID,\n                    \"fromID\": identityID,\n                    \"classificationID\": clsID,\n                    \"mutableProperties\": \"ASSETS10:S|num1\" + \",burn:H|1\",\n                    \"immutableProperties\": \"ASSETS11:S|abc\",\n                    \"mutableMetaProperties\": \"ASSETS12:S|num3\",\n                    \"immutableMetaProperties\": \"ASSETS13:S|num4\"\n                }\n            }\n            let err, res = await chai.request(server)\n                .post(config.mintAssetPath)\n                .send(obj)\n            res.should.have.status(200);\n            res.body.should.be.a('object');\n            expect(res.body.txhash).to.not.equal(null)\n            expect(res.body.txhash).to.not.equal('')\n            expect(res.body.txhash).to.not.equal('')\n            expect(res.body.raw_log).to.not.contain('failed')\n            expect(res.body.raw_log).to.not.contain('error')",
                  "err": {},
                  "uuid": "23236c78-4fbf-4a92-9494-d38f7aae571a",
                  "parentUUID": "8cc24f1a-b604-472f-b045-47507f7f7281",
                  "isHook": false,
                  "skipped": false
                },
                {
                  "title": "Define Order: ",
                  "fullTitle": "Orders Sell assets with splits, where taker gives more splits than he is supposed to Define Order: ",
                  "timedOut": false,
                  "duration": 1049,
                  "state": "passed",
                  "speed": "slow",
                  "pass": true,
                  "fail": false,
                  "pending": false,
                  "context": null,
                  "code": "let identityID = await identity.queryIdentity(\"immutableMetaTraits1\")\n            let obj = {\n                \"type\": config.defineOrderType,\n                \"value\": {\n                    \"baseReq\": {\n                        \"from\": config.testAccountAddress,\n                        \"chain_id\": config.chain_id\n                    },\n                    \"fromID\": identityID,\n                    \"immutableMetaTraits\": \"Name3:S|,Gifts3:S|Exchange,OrderID3:S|\",\n                    \"immutableTraits\": \"Which Gifts3:S|,What Gifts3:S|\",\n                    \"mutableMetaTraits\": \"exchangeRate:D|1,makerOwnableSplit:D|0.000000000000000001,expiry:H|1000000,takerID:I|ID,makerSplit:D|0.000000000000000001\",\n                    \"mutableTraits\": \"descriptions3:S|\"\n                }\n            }\n            let err, res = await chai.request(server)\n                .post(config.defineOrderPath)\n                .send(obj)\n            res.should.have.status(200);\n            res.body.should.be.a('object');\n            expect(res.body.txhash).to.not.equal(null)\n            expect(res.body.txhash).to.not.equal('')\n            expect(res.body.raw_log).to.not.contain('failed')\n            expect(res.body.raw_log).to.not.contain('error')",
                  "err": {},
                  "uuid": "9849f706-b8ed-4467-bdec-c491760fa51f",
                  "parentUUID": "8cc24f1a-b604-472f-b045-47507f7f7281",
                  "isHook": false,
                  "skipped": false
                },
                {
                  "title": "Make Order: ",
                  "fullTitle": "Orders Sell assets with splits, where taker gives more splits than he is supposed to Make Order: ",
                  "timedOut": false,
                  "duration": 1053,
                  "state": "passed",
                  "speed": "slow",
                  "pass": true,
                  "fail": false,
                  "pending": false,
                  "context": null,
                  "code": "let identityID = await identity.queryIdentity(\"immutableMetaTraits1\")\n            let clsID = await cls.queryClassification(\"Name3\")\n            let obj = {\n                \"type\": config.makeOrderType,\n                \"value\": {\n                    \"baseReq\": {\n                        \"from\": config.testAccountAddress,\n                        \"chain_id\": config.chain_id\n                    },\n                    \"fromID\": identityID,\n                    \"classificationID\": clsID,\n                    \"makerOwnableID\": \"stake\",\n                    \"takerOwnableID\":\"stake\",\n                    \"expiresIn\":\"100000\",\n                    \"makerOwnableSplit\":\"100\",\n                    \"immutableMetaProperties\": \"Name3:S|Board,Gifts3:S|Exchange,OrderID3:S|12345\",\n                    \"immutableProperties\": \"Which Gifts3:S|Christmas Gift,What Gifts3:S|kitty\",\n                    \"mutableMetaProperties\": \"exchangeRate:D|1,makerSplit:D|0.000000000000000001\",\n                    \"mutableProperties\": \"descriptions3:S|awesomekitty\"\n                }\n            }\n            let err, res = await chai.request(server)\n                .post(config.makeOrderPath)\n                .send(obj)\n            res.should.have.status(200);\n            res.body.should.be.a('object');\n            expect(res.body.txhash).to.not.equal(null)\n            expect(res.body.txhash).to.not.equal('')\n            expect(res.body.raw_log).to.not.contain('failed')\n            expect(res.body.raw_log).to.not.contain('error')",
                  "err": {},
                  "uuid": "25b819fc-fb72-4833-ab1d-6692a467f35a",
                  "parentUUID": "8cc24f1a-b604-472f-b045-47507f7f7281",
                  "isHook": false,
                  "skipped": false
                },
                {
                  "title": "Take Order: ",
                  "fullTitle": "Orders Sell assets with splits, where taker gives more splits than he is supposed to Take Order: ",
                  "timedOut": false,
                  "duration": 1041,
                  "state": "passed",
                  "speed": "slow",
                  "pass": true,
                  "fail": false,
                  "pending": false,
                  "context": null,
                  "code": "let identityID = await identity.queryIdentity(\"immutableMetaTraits1\")\n            let orderID = await orders.queryOrder(\"Name3\")\n            let obj = {\n                \"type\": config.takeOrderType,\n                \"value\": {\n                    \"baseReq\": {\n                        \"from\": config.testAccountAddress,\n                        \"chain_id\": config.chain_id\n                    },\n                    \"fromID\": identityID,\n                    \"takerOwnableSplit\": \"200\",\n                    \"orderID\": orderID\n                }\n            }\n            let err, res = await chai.request(server)\n                .post(config.takeOrderPath)\n                .send(obj)\n            res.should.have.status(200);\n            res.body.should.be.a('object');\n            expect(res.body.txhash).to.not.equal(null)\n            expect(res.body.txhash).to.not.equal('')\n            expect(res.body.raw_log).to.not.contain('failed')\n            expect(res.body.raw_log).to.not.contain('error')",
                  "err": {},
                  "uuid": "cc50e555-53de-4fa4-9211-6e9b591a122c",
                  "parentUUID": "8cc24f1a-b604-472f-b045-47507f7f7281",
                  "isHook": false,
                  "skipped": false
                }
              ],
              "suites": [],
              "passes": [
                "6a141686-be3e-4d58-ba8f-ab1df9eeb745",
                "23236c78-4fbf-4a92-9494-d38f7aae571a",
                "9849f706-b8ed-4467-bdec-c491760fa51f",
                "25b819fc-fb72-4833-ab1d-6692a467f35a",
                "cc50e555-53de-4fa4-9211-6e9b591a122c"
              ],
              "failures": [],
              "pending": [],
              "skipped": [],
              "duration": 5266,
              "root": false,
              "rootEmpty": false,
              "_timeout": 2000
            }
          ],
          "passes": [],
          "failures": [],
          "pending": [],
          "skipped": [],
          "duration": 0,
          "root": false,
          "rootEmpty": false,
          "_timeout": 2000
        }
      ],
      "passes": [],
      "failures": [],
      "pending": [],
      "skipped": [],
      "duration": 0,
      "root": true,
      "rootEmpty": true,
      "_timeout": 2000
    }
  ],
  "meta": {
    "mocha": {
      "version": "7.2.0"
    },
    "mochawesome": {
      "options": {
        "quiet": false,
        "reportFilename": "mochawesome",
        "saveHtml": true,
        "saveJson": true,
        "consoleReporter": "spec",
        "useInlineDiffs": false,
        "code": true
      },
      "version": "6.1.1"
    },
    "marge": {
      "options": null,
      "version": "5.1.0"
    }
  }
}